{"C:\\Users\\LABORATORIA56\\Desktop\\BURGER QUEEN\\DEV009-burger-queen-api-clien\\src\\components\\login-view\\log-in-view.tsx": {"path":"C:\\Users\\LABORATORIA56\\Desktop\\BURGER QUEEN\\DEV009-burger-queen-api-clien\\src\\components\\login-view\\log-in-view.tsx","statementMap":{"0":{"start":{"line":1,"column":0},"end":{"line":1,"column":34}},"1":{"start":{"line":2,"column":0},"end":{"line":2,"column":47}},"2":{"start":{"line":3,"column":0},"end":{"line":3,"column":21}},"3":{"start":{"line":4,"column":0},"end":{"line":4,"column":55}},"4":{"start":{"line":6,"column":18},"end":{"line":66,"column":1}},"5":{"start":{"line":7,"column":28},"end":{"line":7,"column":40}},"6":{"start":{"line":8,"column":34},"end":{"line":8,"column":46}},"7":{"start":{"line":9,"column":19},"end":{"line":9,"column":32}},"8":{"start":{"line":11,"column":27},"end":{"line":41,"column":3}},"9":{"start":{"line":12,"column":4},"end":{"line":12,"column":23}},"10":{"start":{"line":14,"column":4},"end":{"line":40,"column":null}},"11":{"start":{"line":15,"column":19},"end":{"line":15,"column":47}},"12":{"start":{"line":16,"column":6},"end":{"line":16,"column":24}},"13":{"start":{"line":17,"column":23},"end":{"line":17,"column":55}},"14":{"start":{"line":19,"column":6},"end":{"line":19,"column":61}},"15":{"start":{"line":21,"column":6},"end":{"line":36,"column":null}},"16":{"start":{"line":23,"column":10},"end":{"line":23,"column":57}},"17":{"start":{"line":24,"column":10},"end":{"line":24,"column":35}},"18":{"start":{"line":25,"column":10},"end":{"line":25,"column":16}},"19":{"start":{"line":27,"column":10},"end":{"line":27,"column":64}},"20":{"start":{"line":28,"column":10},"end":{"line":28,"column":33}},"21":{"start":{"line":29,"column":10},"end":{"line":29,"column":16}},"22":{"start":{"line":31,"column":10},"end":{"line":31,"column":55}},"23":{"start":{"line":32,"column":10},"end":{"line":32,"column":33}},"24":{"start":{"line":33,"column":10},"end":{"line":33,"column":16}},"25":{"start":{"line":35,"column":10},"end":{"line":35,"column":54}},"26":{"start":{"line":38,"column":6},"end":{"line":39,"column":null}},"27":{"start":{"line":44,"column":2},"end":{"line":65,"column":4}},"28":{"start":{"line":52,"column":27},"end":{"line":52,"column":51}},"29":{"start":{"line":59,"column":27},"end":{"line":59,"column":54}},"30":{"start":{"line":68,"column":0},"end":{"line":68,"column":25}}},"fnMap":{"0":{"name":"(anonymous_0)","decl":{"start":{"line":6,"column":18},"end":{"line":6,"column":21}},"loc":{"start":{"line":6,"column":23},"end":{"line":66,"column":1}}},"1":{"name":"(anonymous_1)","decl":{"start":{"line":11,"column":27},"end":{"line":11,"column":32}},"loc":{"start":{"line":11,"column":72},"end":{"line":41,"column":3}}},"2":{"name":"(anonymous_2)","decl":{"start":{"line":52,"column":20},"end":{"line":52,"column":21}},"loc":{"start":{"line":52,"column":27},"end":{"line":52,"column":51}}},"3":{"name":"(anonymous_3)","decl":{"start":{"line":59,"column":20},"end":{"line":59,"column":21}},"loc":{"start":{"line":59,"column":27},"end":{"line":59,"column":54}}}},"branchMap":{"0":{"loc":{"start":{"line":21,"column":6},"end":{"line":36,"column":null}},"type":"switch","locations":[{"start":{"line":22,"column":8},"end":{"line":25,"column":16}},{"start":{"line":26,"column":8},"end":{"line":29,"column":16}},{"start":{"line":30,"column":8},"end":{"line":33,"column":16}},{"start":{"line":34,"column":8},"end":{"line":35,"column":54}}]},"1":{"loc":{"start":{"line":38,"column":6},"end":{"line":39,"column":null}},"type":"if","locations":[{"start":{"line":38,"column":6},"end":{"line":39,"column":null}}]},"2":{"loc":{"start":{"line":38,"column":10},"end":{"line":38,"column":114}},"type":"binary-expr","locations":[{"start":{"line":38,"column":10},"end":{"line":38,"column":35}},{"start":{"line":38,"column":39},"end":{"line":38,"column":114}}]}},"s":{"0":1,"1":1,"2":1,"3":1,"4":1,"5":3,"6":3,"7":3,"8":3,"9":1,"10":1,"11":1,"12":1,"13":1,"14":1,"15":1,"16":1,"17":1,"18":1,"19":0,"20":0,"21":0,"22":0,"23":0,"24":0,"25":0,"26":0,"27":3,"28":1,"29":1,"30":1},"f":{"0":3,"1":1,"2":1,"3":1},"b":{"0":[1,0,0,0],"1":[0],"2":[0,0]}}
,"C:\\Users\\LABORATORIA56\\Desktop\\BURGER QUEEN\\DEV009-burger-queen-api-clien\\src\\components\\main-menu.buttons\\main-menu-buttons.tsx": {"path":"C:\\Users\\LABORATORIA56\\Desktop\\BURGER QUEEN\\DEV009-burger-queen-api-clien\\src\\components\\main-menu.buttons\\main-menu-buttons.tsx","statementMap":{"0":{"start":{"line":1,"column":0},"end":{"line":1,"column":47}},"1":{"start":{"line":2,"column":0},"end":{"line":2,"column":33}},"2":{"start":{"line":4,"column":24},"end":{"line":25,"column":1}},"3":{"start":{"line":5,"column":19},"end":{"line":5,"column":32}},"4":{"start":{"line":7,"column":32},"end":{"line":9,"column":3}},"5":{"start":{"line":8,"column":4},"end":{"line":8,"column":22}},"6":{"start":{"line":11,"column":38},"end":{"line":13,"column":3}},"7":{"start":{"line":12,"column":4},"end":{"line":12,"column":34}},"8":{"start":{"line":15,"column":2},"end":{"line":24,"column":4}},"9":{"start":{"line":27,"column":0},"end":{"line":27,"column":31}}},"fnMap":{"0":{"name":"(anonymous_0)","decl":{"start":{"line":4,"column":24},"end":{"line":4,"column":27}},"loc":{"start":{"line":4,"column":29},"end":{"line":25,"column":1}}},"1":{"name":"(anonymous_1)","decl":{"start":{"line":7,"column":32},"end":{"line":7,"column":35}},"loc":{"start":{"line":7,"column":37},"end":{"line":9,"column":3}}},"2":{"name":"(anonymous_2)","decl":{"start":{"line":11,"column":38},"end":{"line":11,"column":41}},"loc":{"start":{"line":11,"column":43},"end":{"line":13,"column":3}}}},"branchMap":{},"s":{"0":1,"1":1,"2":1,"3":1,"4":1,"5":0,"6":1,"7":0,"8":1,"9":1},"f":{"0":1,"1":0,"2":0},"b":{}}
,"C:\\Users\\LABORATORIA56\\Desktop\\BURGER QUEEN\\DEV009-burger-queen-api-clien\\src\\components\\order-form\\order-form.tsx": {"path":"C:\\Users\\LABORATORIA56\\Desktop\\BURGER QUEEN\\DEV009-burger-queen-api-clien\\src\\components\\order-form\\order-form.tsx","statementMap":{"0":{"start":{"line":2,"column":0},"end":{"line":2,"column":33}},"1":{"start":{"line":3,"column":0},"end":{"line":3,"column":26}},"2":{"start":{"line":22,"column":44},"end":{"line":128,"column":1}},"3":{"start":{"line":23,"column":23},"end":{"line":23,"column":120}},"4":{"start":{"line":23,"column":68},"end":{"line":23,"column":111}},"5":{"start":{"line":24,"column":30},"end":{"line":24,"column":43}},"6":{"start":{"line":25,"column":40},"end":{"line":25,"column":56}},"7":{"start":{"line":28,"column":25},"end":{"line":61,"column":5}},"8":{"start":{"line":29,"column":8},"end":{"line":29,"column":31}},"9":{"start":{"line":32,"column":28},"end":{"line":32,"column":38}},"10":{"start":{"line":33,"column":30},"end":{"line":33,"column":339}},"11":{"start":{"line":35,"column":8},"end":{"line":60,"column":null}},"12":{"start":{"line":36,"column":29},"end":{"line":48,"column":14}},"13":{"start":{"line":50,"column":12},"end":{"line":52,"column":null}},"14":{"start":{"line":51,"column":16},"end":{"line":51,"column":63}},"15":{"start":{"line":55,"column":12},"end":{"line":55,"column":26}},"16":{"start":{"line":56,"column":12},"end":{"line":56,"column":34}},"17":{"start":{"line":57,"column":12},"end":{"line":57,"column":34}},"18":{"start":{"line":59,"column":12},"end":{"line":59,"column":43}},"19":{"start":{"line":63,"column":32},"end":{"line":70,"column":5}},"20":{"start":{"line":66,"column":8},"end":{"line":68,"column":11}},"21":{"start":{"line":67,"column":12},"end":{"line":67,"column":45}},"22":{"start":{"line":72,"column":4},"end":{"line":127,"column":6}},"23":{"start":{"line":81,"column":37},"end":{"line":81,"column":61}},"24":{"start":{"line":96,"column":37},"end":{"line":96,"column":66}},"25":{"start":{"line":104,"column":28},"end":{"line":104,"column":null}},"26":{"start":{"line":110,"column":55},"end":{"line":110,"column":87}},"27":{"start":{"line":130,"column":0},"end":{"line":130,"column":25}}},"fnMap":{"0":{"name":"(anonymous_0)","decl":{"start":{"line":22,"column":44},"end":{"line":22,"column":45}},"loc":{"start":{"line":22,"column":94},"end":{"line":128,"column":1}}},"1":{"name":"(anonymous_1)","decl":{"start":{"line":23,"column":48},"end":{"line":23,"column":49}},"loc":{"start":{"line":23,"column":68},"end":{"line":23,"column":111}}},"2":{"name":"(anonymous_2)","decl":{"start":{"line":28,"column":25},"end":{"line":28,"column":30}},"loc":{"start":{"line":28,"column":78},"end":{"line":61,"column":5}}},"3":{"name":"(anonymous_3)","decl":{"start":{"line":63,"column":32},"end":{"line":63,"column":35}},"loc":{"start":{"line":63,"column":37},"end":{"line":70,"column":5}}},"4":{"name":"(anonymous_4)","decl":{"start":{"line":66,"column":33},"end":{"line":66,"column":34}},"loc":{"start":{"line":66,"column":45},"end":{"line":68,"column":9}}},"5":{"name":"(anonymous_5)","decl":{"start":{"line":81,"column":30},"end":{"line":81,"column":31}},"loc":{"start":{"line":81,"column":37},"end":{"line":81,"column":61}}},"6":{"name":"(anonymous_6)","decl":{"start":{"line":96,"column":30},"end":{"line":96,"column":31}},"loc":{"start":{"line":96,"column":37},"end":{"line":96,"column":66}}},"7":{"name":"(anonymous_7)","decl":{"start":{"line":103,"column":47},"end":{"line":103,"column":48}},"loc":{"start":{"line":104,"column":28},"end":{"line":104,"column":null}}},"8":{"name":"(anonymous_8)","decl":{"start":{"line":110,"column":49},"end":{"line":110,"column":52}},"loc":{"start":{"line":110,"column":55},"end":{"line":110,"column":87}}}},"branchMap":{"0":{"loc":{"start":{"line":23,"column":23},"end":{"line":23,"column":120}},"type":"binary-expr","locations":[{"start":{"line":23,"column":23},"end":{"line":23,"column":115}},{"start":{"line":23,"column":119},"end":{"line":23,"column":120}}]},"1":{"loc":{"start":{"line":50,"column":12},"end":{"line":52,"column":null}},"type":"if","locations":[{"start":{"line":50,"column":12},"end":{"line":52,"column":null}}]}},"s":{"0":1,"1":1,"2":1,"3":1,"4":2,"5":1,"6":1,"7":1,"8":0,"9":0,"10":0,"11":0,"12":0,"13":0,"14":0,"15":0,"16":0,"17":0,"18":0,"19":1,"20":0,"21":0,"22":1,"23":0,"24":0,"25":2,"26":0,"27":1},"f":{"0":1,"1":2,"2":0,"3":0,"4":0,"5":0,"6":0,"7":2,"8":0},"b":{"0":[1,0],"1":[0]}}
,"C:\\Users\\LABORATORIA56\\Desktop\\BURGER QUEEN\\DEV009-burger-queen-api-clien\\src\\components\\product-list\\product-list.tsx": {"path":"C:\\Users\\LABORATORIA56\\Desktop\\BURGER QUEEN\\DEV009-burger-queen-api-clien\\src\\components\\product-list\\product-list.tsx","statementMap":{"0":{"start":{"line":4,"column":20},"end":{"line":17,"column":3}},"1":{"start":{"line":5,"column":2},"end":{"line":7,"column":null}},"2":{"start":{"line":6,"column":4},"end":{"line":6,"column":41}},"3":{"start":{"line":9,"column":4},"end":{"line":16,"column":6}},"4":{"start":{"line":13,"column":43},"end":{"line":13,"column":60}},"5":{"start":{"line":19,"column":2},"end":{"line":19,"column":29}}},"fnMap":{"0":{"name":"(anonymous_0)","decl":{"start":{"line":4,"column":20},"end":{"line":4,"column":21}},"loc":{"start":{"line":4,"column":63},"end":{"line":17,"column":3}}},"1":{"name":"(anonymous_1)","decl":{"start":{"line":13,"column":21},"end":{"line":13,"column":22}},"loc":{"start":{"line":13,"column":43},"end":{"line":13,"column":60}}}},"branchMap":{"0":{"loc":{"start":{"line":5,"column":2},"end":{"line":7,"column":null}},"type":"if","locations":[{"start":{"line":5,"column":2},"end":{"line":7,"column":null}}]},"1":{"loc":{"start":{"line":5,"column":6},"end":{"line":5,"column":55}},"type":"binary-expr","locations":[{"start":{"line":5,"column":6},"end":{"line":5,"column":30}},{"start":{"line":5,"column":34},"end":{"line":5,"column":55}}]}},"s":{"0":1,"1":2,"2":1,"3":1,"4":3,"5":1},"f":{"0":2,"1":3},"b":{"0":[1],"1":[2,2]}}
,"C:\\Users\\LABORATORIA56\\Desktop\\BURGER QUEEN\\DEV009-burger-queen-api-clien\\src\\components\\product-selection\\product-selection.tsx": {"path":"C:\\Users\\LABORATORIA56\\Desktop\\BURGER QUEEN\\DEV009-burger-queen-api-clien\\src\\components\\product-selection\\product-selection.tsx","statementMap":{"0":{"start":{"line":1,"column":0},"end":{"line":1,"column":46}},"1":{"start":{"line":2,"column":0},"end":{"line":2,"column":33}},"2":{"start":{"line":3,"column":0},"end":{"line":3,"column":65}},"3":{"start":{"line":4,"column":0},"end":{"line":4,"column":60}},"4":{"start":{"line":20,"column":50},"end":{"line":54,"column":1}},"5":{"start":{"line":21,"column":30},"end":{"line":23,"column":3}},"6":{"start":{"line":22,"column":4},"end":{"line":22,"column":29}},"7":{"start":{"line":25,"column":2},"end":{"line":53,"column":4}},"8":{"start":{"line":33,"column":12},"end":{"line":33,"column":null}},"9":{"start":{"line":44,"column":93},"end":{"line":44,"column":121}},"10":{"start":{"line":56,"column":0},"end":{"line":56,"column":28}}},"fnMap":{"0":{"name":"(anonymous_0)","decl":{"start":{"line":20,"column":50},"end":{"line":20,"column":51}},"loc":{"start":{"line":20,"column":84},"end":{"line":54,"column":1}}},"1":{"name":"(anonymous_1)","decl":{"start":{"line":21,"column":30},"end":{"line":21,"column":31}},"loc":{"start":{"line":21,"column":51},"end":{"line":23,"column":3}}},"2":{"name":"(anonymous_2)","decl":{"start":{"line":32,"column":24},"end":{"line":32,"column":25}},"loc":{"start":{"line":33,"column":12},"end":{"line":33,"column":null}}},"3":{"name":"(anonymous_3)","decl":{"start":{"line":44,"column":87},"end":{"line":44,"column":90}},"loc":{"start":{"line":44,"column":93},"end":{"line":44,"column":121}}}},"branchMap":{},"s":{"0":1,"1":1,"2":1,"3":1,"4":1,"5":2,"6":1,"7":2,"8":4,"9":1,"10":1},"f":{"0":2,"1":1,"2":4,"3":1},"b":{}}
,"C:\\Users\\LABORATORIA56\\Desktop\\BURGER QUEEN\\DEV009-burger-queen-api-clien\\src\\components\\user-profile\\userprofile.tsx": {"path":"C:\\Users\\LABORATORIA56\\Desktop\\BURGER QUEEN\\DEV009-burger-queen-api-clien\\src\\components\\user-profile\\userprofile.tsx","statementMap":{"0":{"start":{"line":2,"column":0},"end":{"line":2,"column":28}},"1":{"start":{"line":3,"column":0},"end":{"line":3,"column":65}},"2":{"start":{"line":4,"column":0},"end":{"line":4,"column":78}},"3":{"start":{"line":16,"column":48},"end":{"line":56,"column":1}},"4":{"start":{"line":25,"column":25},"end":{"line":34,"column":3}},"5":{"start":{"line":26,"column":4},"end":{"line":33,"column":null}},"6":{"start":{"line":28,"column":8},"end":{"line":28,"column":60}},"7":{"start":{"line":30,"column":8},"end":{"line":30,"column":42}},"8":{"start":{"line":32,"column":8},"end":{"line":32,"column":46}},"9":{"start":{"line":36,"column":2},"end":{"line":55,"column":4}},"10":{"start":{"line":58,"column":0},"end":{"line":58,"column":27}}},"fnMap":{"0":{"name":"(anonymous_0)","decl":{"start":{"line":16,"column":48},"end":{"line":16,"column":49}},"loc":{"start":{"line":24,"column":5},"end":{"line":56,"column":1}}},"1":{"name":"(anonymous_1)","decl":{"start":{"line":25,"column":25},"end":{"line":25,"column":28}},"loc":{"start":{"line":25,"column":30},"end":{"line":34,"column":3}}}},"branchMap":{"0":{"loc":{"start":{"line":26,"column":4},"end":{"line":33,"column":null}},"type":"switch","locations":[{"start":{"line":27,"column":6},"end":{"line":28,"column":60}},{"start":{"line":29,"column":6},"end":{"line":30,"column":42}},{"start":{"line":31,"column":6},"end":{"line":32,"column":46}}]},"1":{"loc":{"start":{"line":45,"column":7},"end":{"line":48,"column":null}},"type":"binary-expr","locations":[{"start":{"line":45,"column":7},"end":{"line":45,"column":21}},{"start":{"line":45,"column":25},"end":{"line":45,"column":36}},{"start":{"line":46,"column":8},"end":{"line":47,"column":null}}]}},"s":{"0":1,"1":1,"2":1,"3":1,"4":1,"5":1,"6":0,"7":0,"8":1,"9":1,"10":1},"f":{"0":1,"1":1},"b":{"0":[0,0,1],"1":[1,0,0]}}
,"C:\\Users\\LABORATORIA56\\Desktop\\BURGER QUEEN\\DEV009-burger-queen-api-clien\\src\\components\\waiter-view\\waiter-view.tsx": {"path":"C:\\Users\\LABORATORIA56\\Desktop\\BURGER QUEEN\\DEV009-burger-queen-api-clien\\src\\components\\waiter-view\\waiter-view.tsx","statementMap":{"0":{"start":{"line":1,"column":0},"end":{"line":1,"column":33}},"1":{"start":{"line":2,"column":0},"end":{"line":2,"column":47}},"2":{"start":{"line":3,"column":0},"end":{"line":3,"column":54}},"3":{"start":{"line":4,"column":0},"end":{"line":4,"column":69}},"4":{"start":{"line":6,"column":19},"end":{"line":31,"column":1}},"5":{"start":{"line":8,"column":19},"end":{"line":8,"column":32}},"6":{"start":{"line":9,"column":31},"end":{"line":9,"column":46}},"7":{"start":{"line":11,"column":28},"end":{"line":14,"column":3}},"8":{"start":{"line":12,"column":4},"end":{"line":12,"column":28}},"9":{"start":{"line":13,"column":4},"end":{"line":13,"column":18}},"10":{"start":{"line":16,"column":2},"end":{"line":30,"column":4}},"11":{"start":{"line":33,"column":0},"end":{"line":33,"column":26}}},"fnMap":{"0":{"name":"(anonymous_1)","decl":{"start":{"line":6,"column":19},"end":{"line":6,"column":22}},"loc":{"start":{"line":6,"column":24},"end":{"line":31,"column":1}}},"1":{"name":"(anonymous_2)","decl":{"start":{"line":11,"column":28},"end":{"line":11,"column":31}},"loc":{"start":{"line":11,"column":33},"end":{"line":14,"column":3}}},"2":{"name":"(anonymous_3)","decl":{"start":{"line":22,"column":23},"end":{"line":22,"column":26}},"loc":{"start":{"line":22,"column":28},"end":{"line":22,"column":32}}}},"branchMap":{},"s":{"0":1,"1":1,"2":1,"3":1,"4":1,"5":1,"6":1,"7":1,"8":0,"9":0,"10":1,"11":1},"f":{"0":1,"1":0,"2":0},"b":{}}
,"C:\\Users\\LABORATORIA56\\Desktop\\BURGER QUEEN\\DEV009-burger-queen-api-clien\\src\\services\\tokenRepository.ts": {"path":"C:\\Users\\LABORATORIA56\\Desktop\\BURGER QUEEN\\DEV009-burger-queen-api-clien\\src\\services\\tokenRepository.ts","statementMap":{"0":{"start":{"line":1,"column":21},"end":{"line":27,"column":1}},"1":{"start":{"line":2,"column":19},"end":{"line":11,"column":4}},"2":{"start":{"line":13,"column":2},"end":{"line":26,"column":null}},"3":{"start":{"line":14,"column":17},"end":{"line":14,"column":38}},"4":{"start":{"line":17,"column":21},"end":{"line":17,"column":35}},"5":{"start":{"line":18,"column":4},"end":{"line":18,"column":47}},"6":{"start":{"line":21,"column":4},"end":{"line":21,"column":58}},"7":{"start":{"line":23,"column":4},"end":{"line":23,"column":16}},"8":{"start":{"line":25,"column":4},"end":{"line":25,"column":59}},"9":{"start":{"line":1,"column":13},"end":{"line":1,"column":21}}},"fnMap":{"0":{"name":"(anonymous_0)","decl":{"start":{"line":1,"column":21},"end":{"line":1,"column":26}},"loc":{"start":{"line":1,"column":63},"end":{"line":27,"column":1}}}},"branchMap":{"0":{"loc":{"start":{"line":13,"column":2},"end":{"line":26,"column":null}},"type":"if","locations":[{"start":{"line":13,"column":2},"end":{"line":26,"column":null}},{"start":{"line":24,"column":9},"end":{"line":26,"column":null}}]}},"s":{"0":1,"1":0,"2":0,"3":0,"4":0,"5":0,"6":0,"7":0,"8":0,"9":1},"f":{"0":0},"b":{"0":[0,0]}}
,"C:\\Users\\LABORATORIA56\\Desktop\\BURGER QUEEN\\DEV009-burger-queen-api-clien\\src\\tests\\fileMock.js": {"path":"C:\\Users\\LABORATORIA56\\Desktop\\BURGER QUEEN\\DEV009-burger-queen-api-clien\\src\\tests\\fileMock.js","statementMap":{"0":{"start":{"line":1,"column":0},"end":{"line":1,"column":20}}},"fnMap":{},"branchMap":{},"s":{"0":4},"f":{},"b":{},"inputSourceMap":null,"_coverageSchema":"1a1c01bbd47fc00a2c39e90264f33305004495a9","hash":"78c893fd58ed9fab45cd42a1bf608dd842ebaffe"}
}
