{"/Users/andreacabreraayala/burger queen/DEV009-burger-queen-api-clien/src/Route/routes.tsx": {"path":"/Users/andreacabreraayala/burger queen/DEV009-burger-queen-api-clien/src/Route/routes.tsx","statementMap":{"0":{"start":{"line":2,"column":0},"end":{"line":2,"column":74}},"1":{"start":{"line":3,"column":0},"end":{"line":3,"column":61}},"2":{"start":{"line":4,"column":0},"end":{"line":4,"column":63}},"3":{"start":{"line":5,"column":0},"end":{"line":5,"column":43}},"4":{"start":{"line":6,"column":0},"end":{"line":6,"column":73}},"5":{"start":{"line":7,"column":0},"end":{"line":7,"column":57}},"6":{"start":{"line":8,"column":0},"end":{"line":8,"column":57}},"7":{"start":{"line":9,"column":0},"end":{"line":9,"column":46}},"8":{"start":{"line":10,"column":0},"end":{"line":10,"column":65}},"9":{"start":{"line":13,"column":28},"end":{"line":28,"column":1}},"10":{"start":{"line":14,"column":2},"end":{"line":27,"column":4}},"11":{"start":{"line":30,"column":0},"end":{"line":30,"column":25}}},"fnMap":{"0":{"name":"(anonymous_1)","decl":{"start":{"line":13,"column":28},"end":{"line":13,"column":31}},"loc":{"start":{"line":13,"column":33},"end":{"line":28,"column":1}}}},"branchMap":{},"s":{"0":1,"1":1,"2":1,"3":1,"4":1,"5":1,"6":1,"7":1,"8":1,"9":1,"10":1,"11":1},"f":{"0":1},"b":{}}
,"/Users/andreacabreraayala/burger queen/DEV009-burger-queen-api-clien/src/components/Button-staff/Button-staff.tsx": {"path":"/Users/andreacabreraayala/burger queen/DEV009-burger-queen-api-clien/src/components/Button-staff/Button-staff.tsx","statementMap":{"0":{"start":{"line":8,"column":60},"end":{"line":19,"column":1}},"1":{"start":{"line":9,"column":4},"end":{"line":18,"column":6}},"2":{"start":{"line":21,"column":0},"end":{"line":21,"column":33}}},"fnMap":{"0":{"name":"(anonymous_0)","decl":{"start":{"line":8,"column":60},"end":{"line":8,"column":61}},"loc":{"start":{"line":8,"column":95},"end":{"line":19,"column":1}}}},"branchMap":{},"s":{"0":2,"1":2,"2":2},"f":{"0":2},"b":{}}
,"/Users/andreacabreraayala/burger queen/DEV009-burger-queen-api-clien/src/components/Product-table-admi/Product-table-admi.tsx": {"path":"/Users/andreacabreraayala/burger queen/DEV009-burger-queen-api-clien/src/components/Product-table-admi/Product-table-admi.tsx","statementMap":{"0":{"start":{"line":1,"column":0},"end":{"line":1,"column":51}},"1":{"start":{"line":2,"column":0},"end":{"line":2,"column":46}},"2":{"start":{"line":3,"column":0},"end":{"line":3,"column":54}},"3":{"start":{"line":4,"column":0},"end":{"line":4,"column":33}},"4":{"start":{"line":14,"column":35},"end":{"line":320,"column":1}},"5":{"start":{"line":15,"column":42},"end":{"line":15,"column":65}},"6":{"start":{"line":16,"column":42},"end":{"line":16,"column":57}},"7":{"start":{"line":17,"column":44},"end":{"line":17,"column":59}},"8":{"start":{"line":18,"column":44},"end":{"line":18,"column":70}},"9":{"start":{"line":19,"column":38},"end":{"line":25,"column":4}},"10":{"start":{"line":27,"column":2},"end":{"line":49,"column":9}},"11":{"start":{"line":29,"column":4},"end":{"line":48,"column":9}},"12":{"start":{"line":38,"column":6},"end":{"line":40,"column":null}},"13":{"start":{"line":39,"column":8},"end":{"line":39,"column":55}},"14":{"start":{"line":41,"column":6},"end":{"line":41,"column":29}},"15":{"start":{"line":44,"column":6},"end":{"line":44,"column":28}},"16":{"start":{"line":47,"column":8},"end":{"line":47,"column":57}},"17":{"start":{"line":51,"column":27},"end":{"line":80,"column":3}},"18":{"start":{"line":52,"column":4},"end":{"line":79,"column":null}},"19":{"start":{"line":54,"column":23},"end":{"line":61,"column":8}},"20":{"start":{"line":63,"column":6},"end":{"line":76,"column":null}},"21":{"start":{"line":64,"column":21},"end":{"line":64,"column":42}},"22":{"start":{"line":65,"column":8},"end":{"line":65,"column":49}},"23":{"start":{"line":66,"column":8},"end":{"line":66,"column":31}},"24":{"start":{"line":67,"column":8},"end":{"line":73,"column":11}},"25":{"start":{"line":75,"column":8},"end":{"line":75,"column":55}},"26":{"start":{"line":78,"column":6},"end":{"line":78,"column":37}},"27":{"start":{"line":82,"column":28},"end":{"line":116,"column":3}},"28":{"start":{"line":83,"column":4},"end":{"line":115,"column":null}},"29":{"start":{"line":84,"column":6},"end":{"line":114,"column":null}},"30":{"start":{"line":86,"column":25},"end":{"line":99,"column":10}},"31":{"start":{"line":101,"column":8},"end":{"line":111,"column":null}},"32":{"start":{"line":102,"column":10},"end":{"line":106,"column":12}},"33":{"start":{"line":103,"column":12},"end":{"line":104,"column":null}},"34":{"start":{"line":104,"column":14},"end":{"line":104,"column":71}},"35":{"start":{"line":107,"column":10},"end":{"line":107,"column":33}},"36":{"start":{"line":108,"column":10},"end":{"line":108,"column":34}},"37":{"start":{"line":110,"column":10},"end":{"line":110,"column":57}},"38":{"start":{"line":113,"column":8},"end":{"line":113,"column":39}},"39":{"start":{"line":119,"column":30},"end":{"line":144,"column":3}},"40":{"start":{"line":120,"column":4},"end":{"line":143,"column":null}},"41":{"start":{"line":122,"column":6},"end":{"line":140,"column":11}},"42":{"start":{"line":130,"column":10},"end":{"line":136,"column":null}},"43":{"start":{"line":131,"column":12},"end":{"line":133,"column":14}},"44":{"start":{"line":132,"column":14},"end":{"line":132,"column":65}},"45":{"start":{"line":132,"column":47},"end":{"line":132,"column":64}},"46":{"start":{"line":135,"column":12},"end":{"line":135,"column":59}},"47":{"start":{"line":139,"column":10},"end":{"line":139,"column":41}},"48":{"start":{"line":142,"column":6},"end":{"line":142,"column":37}},"49":{"start":{"line":146,"column":31},"end":{"line":148,"column":3}},"50":{"start":{"line":147,"column":4},"end":{"line":147,"column":26}},"51":{"start":{"line":150,"column":32},"end":{"line":153,"column":3}},"52":{"start":{"line":151,"column":4},"end":{"line":151,"column":27}},"53":{"start":{"line":152,"column":4},"end":{"line":152,"column":30}},"54":{"start":{"line":155,"column":2},"end":{"line":319,"column":4}},"55":{"start":{"line":169,"column":12},"end":{"line":169,"column":null}},"56":{"start":{"line":177,"column":63},"end":{"line":177,"column":93}},"57":{"start":{"line":180,"column":65},"end":{"line":180,"column":96}},"58":{"start":{"line":193,"column":47},"end":{"line":193,"column":69}},"59":{"start":{"line":204,"column":33},"end":{"line":204,"column":87}},"60":{"start":{"line":214,"column":33},"end":{"line":214,"column":87}},"61":{"start":{"line":226,"column":33},"end":{"line":226,"column":88}},"62":{"start":{"line":236,"column":33},"end":{"line":236,"column":88}},"63":{"start":{"line":243,"column":53},"end":{"line":243,"column":75}},"64":{"start":{"line":252,"column":48},"end":{"line":252,"column":71}},"65":{"start":{"line":264,"column":18},"end":{"line":264,"column":78}},"66":{"start":{"line":276,"column":18},"end":{"line":276,"column":57}},"67":{"start":{"line":290,"column":18},"end":{"line":290,"column":56}},"68":{"start":{"line":302,"column":18},"end":{"line":302,"column":56}},"69":{"start":{"line":310,"column":53},"end":{"line":310,"column":76}},"70":{"start":{"line":322,"column":0},"end":{"line":322,"column":32}}},"fnMap":{"0":{"name":"(anonymous_0)","decl":{"start":{"line":14,"column":35},"end":{"line":14,"column":38}},"loc":{"start":{"line":14,"column":40},"end":{"line":320,"column":1}}},"1":{"name":"(anonymous_1)","decl":{"start":{"line":27,"column":12},"end":{"line":27,"column":15}},"loc":{"start":{"line":27,"column":17},"end":{"line":49,"column":3}}},"2":{"name":"(anonymous_2)","decl":{"start":{"line":37,"column":10},"end":{"line":37,"column":11}},"loc":{"start":{"line":37,"column":23},"end":{"line":42,"column":5}}},"3":{"name":"(anonymous_3)","decl":{"start":{"line":43,"column":10},"end":{"line":43,"column":11}},"loc":{"start":{"line":43,"column":30},"end":{"line":45,"column":5}}},"4":{"name":"(anonymous_4)","decl":{"start":{"line":46,"column":13},"end":{"line":46,"column":14}},"loc":{"start":{"line":46,"column":23},"end":{"line":48,"column":7}}},"5":{"name":"(anonymous_5)","decl":{"start":{"line":51,"column":27},"end":{"line":51,"column":32}},"loc":{"start":{"line":51,"column":38},"end":{"line":80,"column":3}}},"6":{"name":"(anonymous_6)","decl":{"start":{"line":82,"column":28},"end":{"line":82,"column":33}},"loc":{"start":{"line":82,"column":39},"end":{"line":116,"column":3}}},"7":{"name":"(anonymous_7)","decl":{"start":{"line":102,"column":26},"end":{"line":102,"column":27}},"loc":{"start":{"line":103,"column":12},"end":{"line":104,"column":null}}},"8":{"name":"(anonymous_8)","decl":{"start":{"line":103,"column":29},"end":{"line":103,"column":30}},"loc":{"start":{"line":104,"column":14},"end":{"line":104,"column":71}}},"9":{"name":"(anonymous_9)","decl":{"start":{"line":119,"column":30},"end":{"line":119,"column":31}},"loc":{"start":{"line":119,"column":45},"end":{"line":144,"column":3}}},"10":{"name":"(anonymous_10)","decl":{"start":{"line":129,"column":14},"end":{"line":129,"column":15}},"loc":{"start":{"line":129,"column":27},"end":{"line":137,"column":9}}},"11":{"name":"(anonymous_11)","decl":{"start":{"line":131,"column":28},"end":{"line":131,"column":29}},"loc":{"start":{"line":132,"column":14},"end":{"line":132,"column":65}}},"12":{"name":"(anonymous_12)","decl":{"start":{"line":132,"column":34},"end":{"line":132,"column":35}},"loc":{"start":{"line":132,"column":47},"end":{"line":132,"column":64}}},"13":{"name":"(anonymous_13)","decl":{"start":{"line":138,"column":15},"end":{"line":138,"column":16}},"loc":{"start":{"line":138,"column":25},"end":{"line":140,"column":9}}},"14":{"name":"(anonymous_14)","decl":{"start":{"line":146,"column":31},"end":{"line":146,"column":34}},"loc":{"start":{"line":146,"column":36},"end":{"line":148,"column":3}}},"15":{"name":"(anonymous_15)","decl":{"start":{"line":150,"column":32},"end":{"line":150,"column":33}},"loc":{"start":{"line":150,"column":53},"end":{"line":153,"column":3}}},"16":{"name":"(anonymous_16)","decl":{"start":{"line":168,"column":28},"end":{"line":168,"column":29}},"loc":{"start":{"line":169,"column":12},"end":{"line":169,"column":null}}},"17":{"name":"(anonymous_17)","decl":{"start":{"line":177,"column":57},"end":{"line":177,"column":60}},"loc":{"start":{"line":177,"column":63},"end":{"line":177,"column":93}}},"18":{"name":"(anonymous_18)","decl":{"start":{"line":180,"column":59},"end":{"line":180,"column":62}},"loc":{"start":{"line":180,"column":65},"end":{"line":180,"column":96}}},"19":{"name":"(anonymous_19)","decl":{"start":{"line":193,"column":41},"end":{"line":193,"column":44}},"loc":{"start":{"line":193,"column":47},"end":{"line":193,"column":69}}},"20":{"name":"(anonymous_20)","decl":{"start":{"line":204,"column":26},"end":{"line":204,"column":27}},"loc":{"start":{"line":204,"column":33},"end":{"line":204,"column":87}}},"21":{"name":"(anonymous_21)","decl":{"start":{"line":214,"column":26},"end":{"line":214,"column":27}},"loc":{"start":{"line":214,"column":33},"end":{"line":214,"column":87}}},"22":{"name":"(anonymous_22)","decl":{"start":{"line":226,"column":26},"end":{"line":226,"column":27}},"loc":{"start":{"line":226,"column":33},"end":{"line":226,"column":88}}},"23":{"name":"(anonymous_23)","decl":{"start":{"line":236,"column":26},"end":{"line":236,"column":27}},"loc":{"start":{"line":236,"column":33},"end":{"line":236,"column":88}}},"24":{"name":"(anonymous_24)","decl":{"start":{"line":243,"column":47},"end":{"line":243,"column":50}},"loc":{"start":{"line":243,"column":53},"end":{"line":243,"column":75}}},"25":{"name":"(anonymous_25)","decl":{"start":{"line":252,"column":42},"end":{"line":252,"column":45}},"loc":{"start":{"line":252,"column":48},"end":{"line":252,"column":71}}},"26":{"name":"(anonymous_26)","decl":{"start":{"line":263,"column":26},"end":{"line":263,"column":27}},"loc":{"start":{"line":264,"column":18},"end":{"line":264,"column":78}}},"27":{"name":"(anonymous_27)","decl":{"start":{"line":275,"column":26},"end":{"line":275,"column":29}},"loc":{"start":{"line":276,"column":18},"end":{"line":276,"column":57}}},"28":{"name":"(anonymous_28)","decl":{"start":{"line":289,"column":26},"end":{"line":289,"column":29}},"loc":{"start":{"line":290,"column":18},"end":{"line":290,"column":56}}},"29":{"name":"(anonymous_29)","decl":{"start":{"line":301,"column":26},"end":{"line":301,"column":29}},"loc":{"start":{"line":302,"column":18},"end":{"line":302,"column":56}}},"30":{"name":"(anonymous_30)","decl":{"start":{"line":310,"column":47},"end":{"line":310,"column":50}},"loc":{"start":{"line":310,"column":53},"end":{"line":310,"column":76}}}},"branchMap":{"0":{"loc":{"start":{"line":38,"column":6},"end":{"line":40,"column":null}},"type":"if","locations":[{"start":{"line":38,"column":6},"end":{"line":40,"column":null}}]},"1":{"loc":{"start":{"line":63,"column":6},"end":{"line":76,"column":null}},"type":"if","locations":[{"start":{"line":63,"column":6},"end":{"line":76,"column":null}},{"start":{"line":74,"column":13},"end":{"line":76,"column":null}}]},"2":{"loc":{"start":{"line":83,"column":4},"end":{"line":115,"column":null}},"type":"if","locations":[{"start":{"line":83,"column":4},"end":{"line":115,"column":null}}]},"3":{"loc":{"start":{"line":101,"column":8},"end":{"line":111,"column":null}},"type":"if","locations":[{"start":{"line":101,"column":8},"end":{"line":111,"column":null}},{"start":{"line":109,"column":15},"end":{"line":111,"column":null}}]},"4":{"loc":{"start":{"line":104,"column":14},"end":{"line":104,"column":71}},"type":"cond-expr","locations":[{"start":{"line":104,"column":48},"end":{"line":104,"column":61}},{"start":{"line":104,"column":64},"end":{"line":104,"column":71}}]},"5":{"loc":{"start":{"line":130,"column":10},"end":{"line":136,"column":null}},"type":"if","locations":[{"start":{"line":130,"column":10},"end":{"line":136,"column":null}},{"start":{"line":134,"column":17},"end":{"line":136,"column":null}}]},"6":{"loc":{"start":{"line":262,"column":23},"end":{"line":262,"column":48}},"type":"binary-expr","locations":[{"start":{"line":262,"column":23},"end":{"line":262,"column":42}},{"start":{"line":262,"column":46},"end":{"line":262,"column":48}}]},"7":{"loc":{"start":{"line":274,"column":23},"end":{"line":274,"column":57}},"type":"binary-expr","locations":[{"start":{"line":274,"column":23},"end":{"line":274,"column":42}},{"start":{"line":274,"column":46},"end":{"line":274,"column":57}}]},"8":{"loc":{"start":{"line":288,"column":23},"end":{"line":288,"column":49}},"type":"binary-expr","locations":[{"start":{"line":288,"column":23},"end":{"line":288,"column":43}},{"start":{"line":288,"column":47},"end":{"line":288,"column":49}}]},"9":{"loc":{"start":{"line":300,"column":23},"end":{"line":300,"column":49}},"type":"binary-expr","locations":[{"start":{"line":300,"column":23},"end":{"line":300,"column":43}},{"start":{"line":300,"column":47},"end":{"line":300,"column":49}}]}},"s":{"0":2,"1":2,"2":2,"3":2,"4":2,"5":8,"6":8,"7":8,"8":8,"9":8,"10":8,"11":4,"12":4,"13":0,"14":4,"15":3,"16":1,"17":8,"18":0,"19":0,"20":0,"21":0,"22":0,"23":0,"24":0,"25":0,"26":0,"27":8,"28":0,"29":0,"30":0,"31":0,"32":0,"33":0,"34":0,"35":0,"36":0,"37":0,"38":0,"39":8,"40":0,"41":0,"42":0,"43":0,"44":0,"45":0,"46":0,"47":0,"48":0,"49":8,"50":0,"51":8,"52":1,"53":1,"54":8,"55":8,"56":1,"57":0,"58":0,"59":0,"60":0,"61":0,"62":0,"63":0,"64":0,"65":0,"66":0,"67":0,"68":0,"69":0,"70":2},"f":{"0":8,"1":4,"2":4,"3":3,"4":1,"5":0,"6":0,"7":0,"8":0,"9":0,"10":0,"11":0,"12":0,"13":0,"14":0,"15":1,"16":8,"17":1,"18":0,"19":0,"20":0,"21":0,"22":0,"23":0,"24":0,"25":0,"26":0,"27":0,"28":0,"29":0,"30":0},"b":{"0":[0],"1":[0,0],"2":[0],"3":[0,0],"4":[0,0],"5":[0,0],"6":[8,7],"7":[8,7],"8":[8,7],"9":[8,7]}}
,"/Users/andreacabreraayala/burger queen/DEV009-burger-queen-api-clien/src/components/Staff/staff.tsx": {"path":"/Users/andreacabreraayala/burger queen/DEV009-burger-queen-api-clien/src/components/Staff/staff.tsx","statementMap":{"0":{"start":{"line":1,"column":0},"end":{"line":1,"column":51}},"1":{"start":{"line":2,"column":0},"end":{"line":2,"column":54}},"2":{"start":{"line":3,"column":0},"end":{"line":3,"column":47}},"3":{"start":{"line":4,"column":0},"end":{"line":4,"column":46}},"4":{"start":{"line":5,"column":0},"end":{"line":5,"column":54}},"5":{"start":{"line":6,"column":0},"end":{"line":6,"column":61}},"6":{"start":{"line":7,"column":0},"end":{"line":7,"column":20}},"7":{"start":{"line":17,"column":24},"end":{"line":227,"column":1}},"8":{"start":{"line":18,"column":21},"end":{"line":18,"column":34}},"9":{"start":{"line":19,"column":33},"end":{"line":19,"column":48}},"10":{"start":{"line":20,"column":32},"end":{"line":20,"column":52}},"11":{"start":{"line":21,"column":38},"end":{"line":21,"column":50}},"12":{"start":{"line":22,"column":36},"end":{"line":22,"column":48}},"13":{"start":{"line":23,"column":44},"end":{"line":23,"column":56}},"14":{"start":{"line":24,"column":36},"end":{"line":24,"column":48}},"15":{"start":{"line":25,"column":38},"end":{"line":25,"column":53}},"16":{"start":{"line":26,"column":48},"end":{"line":26,"column":60}},"17":{"start":{"line":27,"column":44},"end":{"line":27,"column":56}},"18":{"start":{"line":28,"column":42},"end":{"line":28,"column":69}},"19":{"start":{"line":30,"column":28},"end":{"line":32,"column":5}},"20":{"start":{"line":31,"column":8},"end":{"line":31,"column":31}},"21":{"start":{"line":34,"column":30},"end":{"line":37,"column":5}},"22":{"start":{"line":35,"column":8},"end":{"line":35,"column":32}},"23":{"start":{"line":36,"column":8},"end":{"line":36,"column":22}},"24":{"start":{"line":39,"column":29},"end":{"line":41,"column":5}},"25":{"start":{"line":40,"column":8},"end":{"line":40,"column":28}},"26":{"start":{"line":43,"column":28},"end":{"line":45,"column":5}},"27":{"start":{"line":44,"column":8},"end":{"line":44,"column":27}},"28":{"start":{"line":47,"column":25},"end":{"line":67,"column":5}},"29":{"start":{"line":48,"column":8},"end":{"line":66,"column":null}},"30":{"start":{"line":49,"column":29},"end":{"line":55,"column":14}},"31":{"start":{"line":57,"column":12},"end":{"line":62,"column":null}},"32":{"start":{"line":58,"column":16},"end":{"line":58,"column":50}},"33":{"start":{"line":59,"column":16},"end":{"line":59,"column":35}},"34":{"start":{"line":61,"column":16},"end":{"line":61,"column":63}},"35":{"start":{"line":64,"column":12},"end":{"line":64,"column":51}},"36":{"start":{"line":65,"column":12},"end":{"line":65,"column":43}},"37":{"start":{"line":69,"column":21},"end":{"line":95,"column":5}},"38":{"start":{"line":70,"column":8},"end":{"line":94,"column":null}},"39":{"start":{"line":71,"column":29},"end":{"line":83,"column":14}},"40":{"start":{"line":85,"column":12},"end":{"line":90,"column":null}},"41":{"start":{"line":86,"column":16},"end":{"line":86,"column":48}},"42":{"start":{"line":87,"column":16},"end":{"line":87,"column":35}},"43":{"start":{"line":89,"column":16},"end":{"line":89,"column":63}},"44":{"start":{"line":92,"column":12},"end":{"line":92,"column":49}},"45":{"start":{"line":93,"column":12},"end":{"line":93,"column":43}},"46":{"start":{"line":97,"column":21},"end":{"line":123,"column":5}},"47":{"start":{"line":98,"column":8},"end":{"line":122,"column":null}},"48":{"start":{"line":99,"column":29},"end":{"line":111,"column":14}},"49":{"start":{"line":113,"column":12},"end":{"line":118,"column":null}},"50":{"start":{"line":114,"column":16},"end":{"line":114,"column":49}},"51":{"start":{"line":115,"column":16},"end":{"line":115,"column":35}},"52":{"start":{"line":117,"column":16},"end":{"line":117,"column":63}},"53":{"start":{"line":120,"column":12},"end":{"line":120,"column":50}},"54":{"start":{"line":121,"column":12},"end":{"line":121,"column":43}},"55":{"start":{"line":125,"column":4},"end":{"line":142,"column":11}},"56":{"start":{"line":126,"column":8},"end":{"line":141,"column":11}},"57":{"start":{"line":134,"column":26},"end":{"line":134,"column":41}},"58":{"start":{"line":136,"column":12},"end":{"line":136,"column":51}},"59":{"start":{"line":137,"column":12},"end":{"line":137,"column":28}},"60":{"start":{"line":140,"column":12},"end":{"line":140,"column":58}},"61":{"start":{"line":144,"column":4},"end":{"line":226,"column":6}},"62":{"start":{"line":167,"column":24},"end":{"line":167,"column":null}},"63":{"start":{"line":175,"column":40},"end":{"line":175,"column":61}},"64":{"start":{"line":176,"column":40},"end":{"line":176,"column":58}},"65":{"start":{"line":178,"column":57},"end":{"line":178,"column":75}},"66":{"start":{"line":198,"column":90},"end":{"line":198,"column":118}},"67":{"start":{"line":203,"column":96},"end":{"line":203,"column":127}},"68":{"start":{"line":208,"column":88},"end":{"line":208,"column":115}},"69":{"start":{"line":213,"column":88},"end":{"line":213,"column":115}},"70":{"start":{"line":229,"column":0},"end":{"line":229,"column":21}}},"fnMap":{"0":{"name":"(anonymous_1)","decl":{"start":{"line":17,"column":24},"end":{"line":17,"column":27}},"loc":{"start":{"line":17,"column":29},"end":{"line":227,"column":1}}},"1":{"name":"(anonymous_2)","decl":{"start":{"line":30,"column":28},"end":{"line":30,"column":31}},"loc":{"start":{"line":30,"column":33},"end":{"line":32,"column":5}}},"2":{"name":"(anonymous_3)","decl":{"start":{"line":34,"column":30},"end":{"line":34,"column":33}},"loc":{"start":{"line":34,"column":35},"end":{"line":37,"column":5}}},"3":{"name":"(anonymous_4)","decl":{"start":{"line":39,"column":29},"end":{"line":39,"column":32}},"loc":{"start":{"line":39,"column":34},"end":{"line":41,"column":5}}},"4":{"name":"(anonymous_5)","decl":{"start":{"line":43,"column":28},"end":{"line":43,"column":31}},"loc":{"start":{"line":43,"column":33},"end":{"line":45,"column":5}}},"5":{"name":"(anonymous_6)","decl":{"start":{"line":47,"column":25},"end":{"line":47,"column":30}},"loc":{"start":{"line":47,"column":46},"end":{"line":67,"column":5}}},"6":{"name":"(anonymous_7)","decl":{"start":{"line":69,"column":21},"end":{"line":69,"column":26}},"loc":{"start":{"line":69,"column":32},"end":{"line":95,"column":5}}},"7":{"name":"(anonymous_8)","decl":{"start":{"line":97,"column":21},"end":{"line":97,"column":26}},"loc":{"start":{"line":97,"column":32},"end":{"line":123,"column":5}}},"8":{"name":"(anonymous_9)","decl":{"start":{"line":125,"column":14},"end":{"line":125,"column":17}},"loc":{"start":{"line":125,"column":19},"end":{"line":142,"column":5}}},"9":{"name":"(anonymous_10)","decl":{"start":{"line":134,"column":14},"end":{"line":134,"column":22}},"loc":{"start":{"line":134,"column":26},"end":{"line":134,"column":41}}},"10":{"name":"(anonymous_11)","decl":{"start":{"line":135,"column":14},"end":{"line":135,"column":15}},"loc":{"start":{"line":135,"column":31},"end":{"line":138,"column":9}}},"11":{"name":"(anonymous_12)","decl":{"start":{"line":139,"column":15},"end":{"line":139,"column":16}},"loc":{"start":{"line":139,"column":25},"end":{"line":141,"column":9}}},"12":{"name":"(anonymous_13)","decl":{"start":{"line":166,"column":42},"end":{"line":166,"column":43}},"loc":{"start":{"line":167,"column":24},"end":{"line":167,"column":null}}},"13":{"name":"(anonymous_14)","decl":{"start":{"line":174,"column":49},"end":{"line":174,"column":52}},"loc":{"start":{"line":174,"column":54},"end":{"line":177,"column":37}}},"14":{"name":"(anonymous_15)","decl":{"start":{"line":178,"column":51},"end":{"line":178,"column":54}},"loc":{"start":{"line":178,"column":57},"end":{"line":178,"column":75}}},"15":{"name":"(anonymous_16)","decl":{"start":{"line":198,"column":83},"end":{"line":198,"column":84}},"loc":{"start":{"line":198,"column":90},"end":{"line":198,"column":118}}},"16":{"name":"(anonymous_17)","decl":{"start":{"line":203,"column":89},"end":{"line":203,"column":90}},"loc":{"start":{"line":203,"column":96},"end":{"line":203,"column":127}}},"17":{"name":"(anonymous_18)","decl":{"start":{"line":208,"column":81},"end":{"line":208,"column":82}},"loc":{"start":{"line":208,"column":88},"end":{"line":208,"column":115}}},"18":{"name":"(anonymous_19)","decl":{"start":{"line":213,"column":81},"end":{"line":213,"column":82}},"loc":{"start":{"line":213,"column":88},"end":{"line":213,"column":115}}}},"branchMap":{"0":{"loc":{"start":{"line":57,"column":12},"end":{"line":62,"column":null}},"type":"if","locations":[{"start":{"line":57,"column":12},"end":{"line":62,"column":null}},{"start":{"line":60,"column":19},"end":{"line":62,"column":null}}]},"1":{"loc":{"start":{"line":85,"column":12},"end":{"line":90,"column":null}},"type":"if","locations":[{"start":{"line":85,"column":12},"end":{"line":90,"column":null}},{"start":{"line":88,"column":19},"end":{"line":90,"column":null}}]},"2":{"loc":{"start":{"line":113,"column":12},"end":{"line":118,"column":null}},"type":"if","locations":[{"start":{"line":113,"column":12},"end":{"line":118,"column":null}},{"start":{"line":116,"column":19},"end":{"line":118,"column":null}}]},"3":{"loc":{"start":{"line":166,"column":21},"end":{"line":182,"column":22}},"type":"binary-expr","locations":[{"start":{"line":166,"column":21},"end":{"line":166,"column":27}},{"start":{"line":166,"column":31},"end":{"line":182,"column":22}}]},"4":{"loc":{"start":{"line":192,"column":34},"end":{"line":192,"column":72}},"type":"cond-expr","locations":[{"start":{"line":192,"column":48},"end":{"line":192,"column":59}},{"start":{"line":192,"column":62},"end":{"line":192,"column":72}}]},"5":{"loc":{"start":{"line":216,"column":73},"end":{"line":216,"column":106}},"type":"cond-expr","locations":[{"start":{"line":216,"column":87},"end":{"line":216,"column":95}},{"start":{"line":216,"column":98},"end":{"line":216,"column":106}}]},"6":{"loc":{"start":{"line":217,"column":29},"end":{"line":217,"column":57}},"type":"cond-expr","locations":[{"start":{"line":217,"column":43},"end":{"line":217,"column":49}},{"start":{"line":217,"column":52},"end":{"line":217,"column":57}}]},"7":{"loc":{"start":{"line":223,"column":13},"end":{"line":223,"column":56}},"type":"binary-expr","locations":[{"start":{"line":223,"column":13},"end":{"line":223,"column":27}},{"start":{"line":223,"column":31},"end":{"line":223,"column":56}}]},"8":{"loc":{"start":{"line":224,"column":13},"end":{"line":224,"column":52}},"type":"binary-expr","locations":[{"start":{"line":224,"column":13},"end":{"line":224,"column":25}},{"start":{"line":224,"column":29},"end":{"line":224,"column":52}}]}},"s":{"0":2,"1":2,"2":2,"3":2,"4":2,"5":2,"6":2,"7":2,"8":2,"9":2,"10":2,"11":2,"12":2,"13":2,"14":2,"15":2,"16":2,"17":2,"18":2,"19":2,"20":0,"21":2,"22":0,"23":0,"24":2,"25":0,"26":2,"27":0,"28":2,"29":0,"30":0,"31":0,"32":0,"33":0,"34":0,"35":0,"36":0,"37":2,"38":0,"39":0,"40":0,"41":0,"42":0,"43":0,"44":0,"45":0,"46":2,"47":0,"48":0,"49":0,"50":0,"51":0,"52":0,"53":0,"54":0,"55":2,"56":1,"57":1,"58":1,"59":1,"60":0,"61":2,"62":2,"63":0,"64":0,"65":0,"66":0,"67":0,"68":0,"69":0,"70":2},"f":{"0":2,"1":0,"2":0,"3":0,"4":0,"5":0,"6":0,"7":0,"8":1,"9":1,"10":1,"11":0,"12":2,"13":0,"14":0,"15":0,"16":0,"17":0,"18":0},"b":{"0":[0,0],"1":[0,0],"2":[0,0],"3":[2,2],"4":[0,2],"5":[0,2],"6":[0,2],"7":[2,0],"8":[2,0]}}
,"/Users/andreacabreraayala/burger queen/DEV009-burger-queen-api-clien/src/components/admi-products/admi-products.tsx": {"path":"/Users/andreacabreraayala/burger queen/DEV009-burger-queen-api-clien/src/components/admi-products/admi-products.tsx","statementMap":{"0":{"start":{"line":1,"column":0},"end":{"line":1,"column":34}},"1":{"start":{"line":2,"column":0},"end":{"line":2,"column":47}},"2":{"start":{"line":3,"column":0},"end":{"line":3,"column":54}},"3":{"start":{"line":4,"column":0},"end":{"line":4,"column":72}},"4":{"start":{"line":5,"column":0},"end":{"line":5,"column":28}},"5":{"start":{"line":9,"column":17},"end":{"line":42,"column":1}},"6":{"start":{"line":10,"column":19},"end":{"line":10,"column":32}},"7":{"start":{"line":11,"column":31},"end":{"line":11,"column":46}},"8":{"start":{"line":15,"column":26},"end":{"line":17,"column":3}},"9":{"start":{"line":16,"column":4},"end":{"line":16,"column":27}},"10":{"start":{"line":19,"column":28},"end":{"line":22,"column":3}},"11":{"start":{"line":20,"column":4},"end":{"line":20,"column":28}},"12":{"start":{"line":21,"column":4},"end":{"line":21,"column":18}},"13":{"start":{"line":24,"column":2},"end":{"line":41,"column":4}},"14":{"start":{"line":44,"column":0},"end":{"line":44,"column":24}}},"fnMap":{"0":{"name":"(anonymous_1)","decl":{"start":{"line":9,"column":17},"end":{"line":9,"column":20}},"loc":{"start":{"line":9,"column":22},"end":{"line":42,"column":1}}},"1":{"name":"(anonymous_2)","decl":{"start":{"line":15,"column":26},"end":{"line":15,"column":29}},"loc":{"start":{"line":15,"column":31},"end":{"line":17,"column":3}}},"2":{"name":"(anonymous_3)","decl":{"start":{"line":19,"column":28},"end":{"line":19,"column":31}},"loc":{"start":{"line":19,"column":33},"end":{"line":22,"column":3}}}},"branchMap":{},"s":{"0":1,"1":1,"2":1,"3":1,"4":1,"5":1,"6":0,"7":0,"8":0,"9":0,"10":0,"11":0,"12":0,"13":0,"14":1},"f":{"0":0,"1":0,"2":0},"b":{}}
,"/Users/andreacabreraayala/burger queen/DEV009-burger-queen-api-clien/src/components/admi-view/admi-view.tsx": {"path":"/Users/andreacabreraayala/burger queen/DEV009-burger-queen-api-clien/src/components/admi-view/admi-view.tsx","statementMap":{"0":{"start":{"line":1,"column":0},"end":{"line":1,"column":33}},"1":{"start":{"line":2,"column":0},"end":{"line":2,"column":54}},"2":{"start":{"line":3,"column":0},"end":{"line":3,"column":53}},"3":{"start":{"line":4,"column":0},"end":{"line":4,"column":65}},"4":{"start":{"line":5,"column":0},"end":{"line":5,"column":72}},"5":{"start":{"line":6,"column":0},"end":{"line":6,"column":25}},"6":{"start":{"line":8,"column":17},"end":{"line":42,"column":1}},"7":{"start":{"line":9,"column":19},"end":{"line":9,"column":32}},"8":{"start":{"line":10,"column":31},"end":{"line":10,"column":46}},"9":{"start":{"line":12,"column":28},"end":{"line":15,"column":3}},"10":{"start":{"line":13,"column":4},"end":{"line":13,"column":28}},"11":{"start":{"line":14,"column":4},"end":{"line":14,"column":18}},"12":{"start":{"line":17,"column":2},"end":{"line":41,"column":4}},"13":{"start":{"line":44,"column":0},"end":{"line":44,"column":24}}},"fnMap":{"0":{"name":"(anonymous_1)","decl":{"start":{"line":8,"column":17},"end":{"line":8,"column":20}},"loc":{"start":{"line":8,"column":22},"end":{"line":42,"column":1}}},"1":{"name":"(anonymous_2)","decl":{"start":{"line":12,"column":28},"end":{"line":12,"column":31}},"loc":{"start":{"line":12,"column":33},"end":{"line":15,"column":3}}},"2":{"name":"(anonymous_3)","decl":{"start":{"line":22,"column":21},"end":{"line":22,"column":24}},"loc":{"start":{"line":22,"column":26},"end":{"line":22,"column":30}}}},"branchMap":{},"s":{"0":1,"1":1,"2":1,"3":1,"4":1,"5":1,"6":1,"7":0,"8":0,"9":0,"10":0,"11":0,"12":0,"13":1},"f":{"0":0,"1":0,"2":0},"b":{}}
,"/Users/andreacabreraayala/burger queen/DEV009-burger-queen-api-clien/src/components/chef-view/chef-view.tsx": {"path":"/Users/andreacabreraayala/burger queen/DEV009-burger-queen-api-clien/src/components/chef-view/chef-view.tsx","statementMap":{"0":{"start":{"line":1,"column":0},"end":{"line":1,"column":51}},"1":{"start":{"line":2,"column":0},"end":{"line":2,"column":46}},"2":{"start":{"line":3,"column":0},"end":{"line":3,"column":54}},"3":{"start":{"line":4,"column":0},"end":{"line":4,"column":47}},"4":{"start":{"line":5,"column":0},"end":{"line":5,"column":24}},"5":{"start":{"line":25,"column":27},"end":{"line":197,"column":1}},"6":{"start":{"line":26,"column":19},"end":{"line":26,"column":32}},"7":{"start":{"line":27,"column":30},"end":{"line":27,"column":52}},"8":{"start":{"line":28,"column":31},"end":{"line":28,"column":46}},"9":{"start":{"line":29,"column":40},"end":{"line":29,"column":79}},"10":{"start":{"line":31,"column":29},"end":{"line":52,"column":3}},"11":{"start":{"line":33,"column":4},"end":{"line":33,"column":59}},"12":{"start":{"line":34,"column":4},"end":{"line":34,"column":59}},"13":{"start":{"line":37,"column":23},"end":{"line":37,"column":65}},"14":{"start":{"line":37,"column":47},"end":{"line":37,"column":64}},"15":{"start":{"line":40,"column":4},"end":{"line":51,"column":null}},"16":{"start":{"line":41,"column":26},"end":{"line":41,"column":36}},"17":{"start":{"line":42,"column":28},"end":{"line":42,"column":337}},"18":{"start":{"line":45,"column":28},"end":{"line":45,"column":39}},"19":{"start":{"line":46,"column":6},"end":{"line":46,"column":70}},"20":{"start":{"line":47,"column":6},"end":{"line":47,"column":31}},"21":{"start":{"line":50,"column":6},"end":{"line":50,"column":57}},"22":{"start":{"line":54,"column":28},"end":{"line":71,"column":3}},"23":{"start":{"line":55,"column":4},"end":{"line":70,"column":null}},"24":{"start":{"line":56,"column":23},"end":{"line":63,"column":8}},"25":{"start":{"line":65,"column":6},"end":{"line":67,"column":null}},"26":{"start":{"line":66,"column":8},"end":{"line":66,"column":51}},"27":{"start":{"line":69,"column":6},"end":{"line":69,"column":59}},"28":{"start":{"line":75,"column":26},"end":{"line":77,"column":3}},"29":{"start":{"line":76,"column":4},"end":{"line":76,"column":18}},"30":{"start":{"line":79,"column":28},"end":{"line":82,"column":3}},"31":{"start":{"line":80,"column":4},"end":{"line":80,"column":28}},"32":{"start":{"line":81,"column":4},"end":{"line":81,"column":18}},"33":{"start":{"line":84,"column":2},"end":{"line":117,"column":9}},"34":{"start":{"line":85,"column":24},"end":{"line":114,"column":5}},"35":{"start":{"line":86,"column":6},"end":{"line":113,"column":null}},"36":{"start":{"line":87,"column":25},"end":{"line":93,"column":10}},"37":{"start":{"line":95,"column":8},"end":{"line":97,"column":null}},"38":{"start":{"line":96,"column":10},"end":{"line":96,"column":53}},"39":{"start":{"line":99,"column":21},"end":{"line":99,"column":42}},"40":{"start":{"line":100,"column":8},"end":{"line":100,"column":26}},"41":{"start":{"line":101,"column":8},"end":{"line":101,"column":61}},"42":{"start":{"line":104,"column":62},"end":{"line":104,"column":64}},"43":{"start":{"line":105,"column":8},"end":{"line":108,"column":11}},"44":{"start":{"line":106,"column":29},"end":{"line":106,"column":75}},"45":{"start":{"line":107,"column":10},"end":{"line":107,"column":68}},"46":{"start":{"line":109,"column":8},"end":{"line":109,"column":43}},"47":{"start":{"line":110,"column":8},"end":{"line":110,"column":24}},"48":{"start":{"line":112,"column":8},"end":{"line":112,"column":55}},"49":{"start":{"line":116,"column":4},"end":{"line":116,"column":18}},"50":{"start":{"line":120,"column":29},"end":{"line":140,"column":3}},"51":{"start":{"line":121,"column":4},"end":{"line":138,"column":null}},"52":{"start":{"line":122,"column":28},"end":{"line":122,"column":57}},"53":{"start":{"line":123,"column":24},"end":{"line":123,"column":49}},"54":{"start":{"line":126,"column":43},"end":{"line":126,"column":88}},"55":{"start":{"line":129,"column":28},"end":{"line":129,"column":70}},"56":{"start":{"line":131,"column":6},"end":{"line":135,"column":null}},"57":{"start":{"line":133,"column":28},"end":{"line":133,"column":46}},"58":{"start":{"line":134,"column":8},"end":{"line":134,"column":49}},"59":{"start":{"line":137,"column":6},"end":{"line":137,"column":51}},"60":{"start":{"line":139,"column":4},"end":{"line":139,"column":17}},"61":{"start":{"line":143,"column":2},"end":{"line":196,"column":4}},"62":{"start":{"line":165,"column":12},"end":{"line":165,"column":null}},"63":{"start":{"line":169,"column":18},"end":{"line":169,"column":null}},"64":{"start":{"line":177,"column":33},"end":{"line":177,"column":67}},"65":{"start":{"line":183,"column":33},"end":{"line":183,"column":72}},"66":{"start":{"line":199,"column":0},"end":{"line":199,"column":24}}},"fnMap":{"0":{"name":"(anonymous_1)","decl":{"start":{"line":25,"column":27},"end":{"line":25,"column":30}},"loc":{"start":{"line":25,"column":32},"end":{"line":197,"column":1}}},"1":{"name":"(anonymous_2)","decl":{"start":{"line":31,"column":29},"end":{"line":31,"column":30}},"loc":{"start":{"line":31,"column":63},"end":{"line":52,"column":3}}},"2":{"name":"(anonymous_3)","decl":{"start":{"line":37,"column":40},"end":{"line":37,"column":41}},"loc":{"start":{"line":37,"column":47},"end":{"line":37,"column":64}}},"3":{"name":"(anonymous_4)","decl":{"start":{"line":54,"column":28},"end":{"line":54,"column":33}},"loc":{"start":{"line":54,"column":93},"end":{"line":71,"column":3}}},"4":{"name":"(anonymous_5)","decl":{"start":{"line":75,"column":26},"end":{"line":75,"column":29}},"loc":{"start":{"line":75,"column":31},"end":{"line":77,"column":3}}},"5":{"name":"(anonymous_6)","decl":{"start":{"line":79,"column":28},"end":{"line":79,"column":31}},"loc":{"start":{"line":79,"column":33},"end":{"line":82,"column":3}}},"6":{"name":"(anonymous_7)","decl":{"start":{"line":84,"column":12},"end":{"line":84,"column":15}},"loc":{"start":{"line":84,"column":17},"end":{"line":117,"column":3}}},"7":{"name":"(anonymous_8)","decl":{"start":{"line":85,"column":24},"end":{"line":85,"column":29}},"loc":{"start":{"line":85,"column":35},"end":{"line":114,"column":5}}},"8":{"name":"(anonymous_9)","decl":{"start":{"line":105,"column":21},"end":{"line":105,"column":22}},"loc":{"start":{"line":105,"column":36},"end":{"line":108,"column":9}}},"9":{"name":"(anonymous_10)","decl":{"start":{"line":120,"column":29},"end":{"line":120,"column":30}},"loc":{"start":{"line":120,"column":47},"end":{"line":140,"column":3}}},"10":{"name":"(anonymous_11)","decl":{"start":{"line":164,"column":22},"end":{"line":164,"column":23}},"loc":{"start":{"line":165,"column":12},"end":{"line":165,"column":null}}},"11":{"name":"(anonymous_12)","decl":{"start":{"line":168,"column":54},"end":{"line":168,"column":55}},"loc":{"start":{"line":169,"column":18},"end":{"line":169,"column":null}}},"12":{"name":"(anonymous_13)","decl":{"start":{"line":177,"column":27},"end":{"line":177,"column":30}},"loc":{"start":{"line":177,"column":33},"end":{"line":177,"column":67}}},"13":{"name":"(anonymous_14)","decl":{"start":{"line":183,"column":27},"end":{"line":183,"column":30}},"loc":{"start":{"line":183,"column":33},"end":{"line":183,"column":72}}}},"branchMap":{"0":{"loc":{"start":{"line":40,"column":4},"end":{"line":51,"column":null}},"type":"if","locations":[{"start":{"line":40,"column":4},"end":{"line":51,"column":null}}]},"1":{"loc":{"start":{"line":65,"column":6},"end":{"line":67,"column":null}},"type":"if","locations":[{"start":{"line":65,"column":6},"end":{"line":67,"column":null}}]},"2":{"loc":{"start":{"line":95,"column":8},"end":{"line":97,"column":null}},"type":"if","locations":[{"start":{"line":95,"column":8},"end":{"line":97,"column":null}}]},"3":{"loc":{"start":{"line":107,"column":41},"end":{"line":107,"column":67}},"type":"binary-expr","locations":[{"start":{"line":107,"column":41},"end":{"line":107,"column":51}},{"start":{"line":107,"column":55},"end":{"line":107,"column":67}}]},"4":{"loc":{"start":{"line":121,"column":4},"end":{"line":138,"column":null}},"type":"if","locations":[{"start":{"line":121,"column":4},"end":{"line":138,"column":null}}]},"5":{"loc":{"start":{"line":121,"column":8},"end":{"line":121,"column":46}},"type":"binary-expr","locations":[{"start":{"line":121,"column":8},"end":{"line":121,"column":27}},{"start":{"line":121,"column":31},"end":{"line":121,"column":46}}]},"6":{"loc":{"start":{"line":131,"column":6},"end":{"line":135,"column":null}},"type":"if","locations":[{"start":{"line":131,"column":6},"end":{"line":135,"column":null}}]},"7":{"loc":{"start":{"line":168,"column":17},"end":{"line":172,"column":18}},"type":"binary-expr","locations":[{"start":{"line":168,"column":17},"end":{"line":168,"column":31}},{"start":{"line":168,"column":35},"end":{"line":172,"column":18}}]}},"s":{"0":1,"1":1,"2":1,"3":1,"4":1,"5":1,"6":0,"7":0,"8":0,"9":0,"10":0,"11":0,"12":0,"13":0,"14":0,"15":0,"16":0,"17":0,"18":0,"19":0,"20":0,"21":0,"22":0,"23":0,"24":0,"25":0,"26":0,"27":0,"28":0,"29":0,"30":0,"31":0,"32":0,"33":0,"34":0,"35":0,"36":0,"37":0,"38":0,"39":0,"40":0,"41":0,"42":0,"43":0,"44":0,"45":0,"46":0,"47":0,"48":0,"49":0,"50":0,"51":0,"52":0,"53":0,"54":0,"55":0,"56":0,"57":0,"58":0,"59":0,"60":0,"61":0,"62":0,"63":0,"64":0,"65":0,"66":1},"f":{"0":0,"1":0,"2":0,"3":0,"4":0,"5":0,"6":0,"7":0,"8":0,"9":0,"10":0,"11":0,"12":0,"13":0},"b":{"0":[0],"1":[0],"2":[0],"3":[0,0],"4":[0],"5":[0,0],"6":[0],"7":[0,0]}}
,"/Users/andreacabreraayala/burger queen/DEV009-burger-queen-api-clien/src/components/login-view/log-in-view.tsx": {"path":"/Users/andreacabreraayala/burger queen/DEV009-burger-queen-api-clien/src/components/login-view/log-in-view.tsx","statementMap":{"0":{"start":{"line":1,"column":0},"end":{"line":1,"column":34}},"1":{"start":{"line":2,"column":0},"end":{"line":2,"column":47}},"2":{"start":{"line":3,"column":0},"end":{"line":3,"column":21}},"3":{"start":{"line":4,"column":0},"end":{"line":4,"column":55}},"4":{"start":{"line":6,"column":18},"end":{"line":66,"column":1}},"5":{"start":{"line":7,"column":28},"end":{"line":7,"column":40}},"6":{"start":{"line":8,"column":34},"end":{"line":8,"column":46}},"7":{"start":{"line":9,"column":19},"end":{"line":9,"column":32}},"8":{"start":{"line":11,"column":27},"end":{"line":41,"column":3}},"9":{"start":{"line":12,"column":4},"end":{"line":12,"column":23}},"10":{"start":{"line":14,"column":4},"end":{"line":40,"column":null}},"11":{"start":{"line":15,"column":19},"end":{"line":15,"column":47}},"12":{"start":{"line":16,"column":6},"end":{"line":16,"column":24}},"13":{"start":{"line":17,"column":23},"end":{"line":17,"column":55}},"14":{"start":{"line":19,"column":6},"end":{"line":19,"column":61}},"15":{"start":{"line":21,"column":6},"end":{"line":36,"column":null}},"16":{"start":{"line":23,"column":10},"end":{"line":23,"column":57}},"17":{"start":{"line":24,"column":10},"end":{"line":24,"column":35}},"18":{"start":{"line":25,"column":10},"end":{"line":25,"column":16}},"19":{"start":{"line":27,"column":10},"end":{"line":27,"column":64}},"20":{"start":{"line":28,"column":10},"end":{"line":28,"column":33}},"21":{"start":{"line":29,"column":10},"end":{"line":29,"column":16}},"22":{"start":{"line":31,"column":10},"end":{"line":31,"column":55}},"23":{"start":{"line":32,"column":10},"end":{"line":32,"column":33}},"24":{"start":{"line":33,"column":10},"end":{"line":33,"column":16}},"25":{"start":{"line":35,"column":10},"end":{"line":35,"column":54}},"26":{"start":{"line":38,"column":6},"end":{"line":39,"column":null}},"27":{"start":{"line":44,"column":2},"end":{"line":65,"column":4}},"28":{"start":{"line":52,"column":27},"end":{"line":52,"column":51}},"29":{"start":{"line":59,"column":27},"end":{"line":59,"column":54}},"30":{"start":{"line":68,"column":0},"end":{"line":68,"column":25}}},"fnMap":{"0":{"name":"(anonymous_0)","decl":{"start":{"line":6,"column":18},"end":{"line":6,"column":21}},"loc":{"start":{"line":6,"column":23},"end":{"line":66,"column":1}}},"1":{"name":"(anonymous_1)","decl":{"start":{"line":11,"column":27},"end":{"line":11,"column":32}},"loc":{"start":{"line":11,"column":72},"end":{"line":41,"column":3}}},"2":{"name":"(anonymous_2)","decl":{"start":{"line":52,"column":20},"end":{"line":52,"column":21}},"loc":{"start":{"line":52,"column":27},"end":{"line":52,"column":51}}},"3":{"name":"(anonymous_3)","decl":{"start":{"line":59,"column":20},"end":{"line":59,"column":21}},"loc":{"start":{"line":59,"column":27},"end":{"line":59,"column":54}}}},"branchMap":{"0":{"loc":{"start":{"line":21,"column":6},"end":{"line":36,"column":null}},"type":"switch","locations":[{"start":{"line":22,"column":8},"end":{"line":25,"column":16}},{"start":{"line":26,"column":8},"end":{"line":29,"column":16}},{"start":{"line":30,"column":8},"end":{"line":33,"column":16}},{"start":{"line":34,"column":8},"end":{"line":35,"column":54}}]},"1":{"loc":{"start":{"line":38,"column":6},"end":{"line":39,"column":null}},"type":"if","locations":[{"start":{"line":38,"column":6},"end":{"line":39,"column":null}}]},"2":{"loc":{"start":{"line":38,"column":10},"end":{"line":38,"column":114}},"type":"binary-expr","locations":[{"start":{"line":38,"column":10},"end":{"line":38,"column":35}},{"start":{"line":38,"column":39},"end":{"line":38,"column":114}}]}},"s":{"0":3,"1":3,"2":3,"3":3,"4":3,"5":63,"6":63,"7":63,"8":63,"9":4,"10":4,"11":4,"12":3,"13":3,"14":3,"15":3,"16":1,"17":1,"18":1,"19":0,"20":0,"21":0,"22":1,"23":1,"24":1,"25":1,"26":1,"27":63,"28":34,"29":24,"30":3},"f":{"0":63,"1":4,"2":34,"3":24},"b":{"0":[1,0,1,1],"1":[0],"2":[1,0]}}
,"/Users/andreacabreraayala/burger queen/DEV009-burger-queen-api-clien/src/components/main-menu.buttons/main-menu-buttons.tsx": {"path":"/Users/andreacabreraayala/burger queen/DEV009-burger-queen-api-clien/src/components/main-menu.buttons/main-menu-buttons.tsx","statementMap":{"0":{"start":{"line":1,"column":0},"end":{"line":1,"column":47}},"1":{"start":{"line":2,"column":0},"end":{"line":2,"column":33}},"2":{"start":{"line":4,"column":24},"end":{"line":25,"column":1}},"3":{"start":{"line":5,"column":19},"end":{"line":5,"column":32}},"4":{"start":{"line":7,"column":32},"end":{"line":9,"column":3}},"5":{"start":{"line":8,"column":4},"end":{"line":8,"column":22}},"6":{"start":{"line":11,"column":38},"end":{"line":13,"column":3}},"7":{"start":{"line":12,"column":4},"end":{"line":12,"column":34}},"8":{"start":{"line":15,"column":2},"end":{"line":24,"column":4}},"9":{"start":{"line":27,"column":0},"end":{"line":27,"column":31}}},"fnMap":{"0":{"name":"(anonymous_0)","decl":{"start":{"line":4,"column":24},"end":{"line":4,"column":27}},"loc":{"start":{"line":4,"column":29},"end":{"line":25,"column":1}}},"1":{"name":"(anonymous_1)","decl":{"start":{"line":7,"column":32},"end":{"line":7,"column":35}},"loc":{"start":{"line":7,"column":37},"end":{"line":9,"column":3}}},"2":{"name":"(anonymous_2)","decl":{"start":{"line":11,"column":38},"end":{"line":11,"column":41}},"loc":{"start":{"line":11,"column":43},"end":{"line":13,"column":3}}}},"branchMap":{},"s":{"0":2,"1":2,"2":2,"3":1,"4":1,"5":0,"6":1,"7":0,"8":1,"9":2},"f":{"0":1,"1":0,"2":0},"b":{}}
,"/Users/andreacabreraayala/burger queen/DEV009-burger-queen-api-clien/src/components/menu/menu.tsx": {"path":"/Users/andreacabreraayala/burger queen/DEV009-burger-queen-api-clien/src/components/menu/menu.tsx","statementMap":{"0":{"start":{"line":1,"column":0},"end":{"line":1,"column":44}},"1":{"start":{"line":2,"column":0},"end":{"line":2,"column":47}},"2":{"start":{"line":3,"column":0},"end":{"line":3,"column":49}},"3":{"start":{"line":4,"column":0},"end":{"line":4,"column":54}},"4":{"start":{"line":5,"column":0},"end":{"line":5,"column":66}},"5":{"start":{"line":6,"column":0},"end":{"line":6,"column":20}},"6":{"start":{"line":21,"column":13},"end":{"line":148,"column":1}},"7":{"start":{"line":22,"column":15},"end":{"line":22,"column":27}},"8":{"start":{"line":23,"column":19},"end":{"line":23,"column":31}},"9":{"start":{"line":24,"column":34},"end":{"line":24,"column":57}},"10":{"start":{"line":25,"column":19},"end":{"line":25,"column":32}},"11":{"start":{"line":26,"column":31},"end":{"line":26,"column":46}},"12":{"start":{"line":27,"column":56},"end":{"line":27,"column":100}},"13":{"start":{"line":28,"column":50},"end":{"line":28,"column":81}},"14":{"start":{"line":30,"column":27},"end":{"line":39,"column":3}},"15":{"start":{"line":31,"column":4},"end":{"line":38,"column":6}},"16":{"start":{"line":32,"column":6},"end":{"line":37,"column":8}},"17":{"start":{"line":33,"column":8},"end":{"line":35,"column":null}},"18":{"start":{"line":34,"column":10},"end":{"line":34,"column":53}},"19":{"start":{"line":36,"column":8},"end":{"line":36,"column":31}},"20":{"start":{"line":41,"column":30},"end":{"line":66,"column":3}},"21":{"start":{"line":42,"column":4},"end":{"line":42,"column":46}},"22":{"start":{"line":44,"column":4},"end":{"line":65,"column":7}},"23":{"start":{"line":45,"column":6},"end":{"line":45,"column":71}},"24":{"start":{"line":47,"column":27},"end":{"line":48,"column":null}},"25":{"start":{"line":48,"column":29},"end":{"line":48,"column":70}},"26":{"start":{"line":50,"column":6},"end":{"line":50,"column":50}},"27":{"start":{"line":52,"column":6},"end":{"line":64,"column":null}},"28":{"start":{"line":54,"column":40},"end":{"line":54,"column":65}},"29":{"start":{"line":55,"column":8},"end":{"line":55,"column":55}},"30":{"start":{"line":56,"column":8},"end":{"line":56,"column":75}},"31":{"start":{"line":57,"column":8},"end":{"line":57,"column":39}},"32":{"start":{"line":60,"column":8},"end":{"line":63,"column":10}},"33":{"start":{"line":69,"column":2},"end":{"line":85,"column":9}},"34":{"start":{"line":70,"column":4},"end":{"line":84,"column":9}},"35":{"start":{"line":78,"column":24},"end":{"line":78,"column":39}},"36":{"start":{"line":80,"column":8},"end":{"line":80,"column":26}},"37":{"start":{"line":83,"column":8},"end":{"line":83,"column":57}},"38":{"start":{"line":87,"column":26},"end":{"line":89,"column":3}},"39":{"start":{"line":88,"column":4},"end":{"line":88,"column":29}},"40":{"start":{"line":91,"column":28},"end":{"line":94,"column":3}},"41":{"start":{"line":92,"column":4},"end":{"line":92,"column":28}},"42":{"start":{"line":93,"column":4},"end":{"line":93,"column":18}},"43":{"start":{"line":96,"column":30},"end":{"line":100,"column":3}},"44":{"start":{"line":97,"column":4},"end":{"line":99,"column":6}},"45":{"start":{"line":98,"column":6},"end":{"line":98,"column":69}},"46":{"start":{"line":98,"column":41},"end":{"line":98,"column":68}},"47":{"start":{"line":102,"column":2},"end":{"line":147,"column":4}},"48":{"start":{"line":118,"column":29},"end":{"line":118,"column":64}},"49":{"start":{"line":124,"column":29},"end":{"line":124,"column":60}},"50":{"start":{"line":131,"column":54},"end":{"line":131,"column":90}},"51":{"start":{"line":150,"column":0},"end":{"line":150,"column":20}}},"fnMap":{"0":{"name":"(anonymous_1)","decl":{"start":{"line":21,"column":13},"end":{"line":21,"column":16}},"loc":{"start":{"line":21,"column":18},"end":{"line":148,"column":1}}},"1":{"name":"(anonymous_2)","decl":{"start":{"line":30,"column":27},"end":{"line":30,"column":28}},"loc":{"start":{"line":30,"column":65},"end":{"line":39,"column":3}}},"2":{"name":"(anonymous_3)","decl":{"start":{"line":31,"column":24},"end":{"line":31,"column":25}},"loc":{"start":{"line":32,"column":6},"end":{"line":37,"column":8}}},"3":{"name":"(anonymous_4)","decl":{"start":{"line":32,"column":31},"end":{"line":32,"column":32}},"loc":{"start":{"line":32,"column":51},"end":{"line":37,"column":7}}},"4":{"name":"(anonymous_5)","decl":{"start":{"line":41,"column":30},"end":{"line":41,"column":31}},"loc":{"start":{"line":41,"column":51},"end":{"line":66,"column":3}}},"5":{"name":"(anonymous_6)","decl":{"start":{"line":44,"column":24},"end":{"line":44,"column":25}},"loc":{"start":{"line":44,"column":49},"end":{"line":65,"column":5}}},"6":{"name":"(anonymous_7)","decl":{"start":{"line":48,"column":8},"end":{"line":48,"column":9}},"loc":{"start":{"line":48,"column":29},"end":{"line":48,"column":70}}},"7":{"name":"(anonymous_8)","decl":{"start":{"line":69,"column":12},"end":{"line":69,"column":15}},"loc":{"start":{"line":69,"column":17},"end":{"line":85,"column":3}}},"8":{"name":"(anonymous_9)","decl":{"start":{"line":78,"column":12},"end":{"line":78,"column":20}},"loc":{"start":{"line":78,"column":24},"end":{"line":78,"column":39}}},"9":{"name":"(anonymous_10)","decl":{"start":{"line":79,"column":12},"end":{"line":79,"column":13}},"loc":{"start":{"line":79,"column":32},"end":{"line":81,"column":7}}},"10":{"name":"(anonymous_11)","decl":{"start":{"line":82,"column":13},"end":{"line":82,"column":14}},"loc":{"start":{"line":82,"column":23},"end":{"line":84,"column":7}}},"11":{"name":"(anonymous_12)","decl":{"start":{"line":87,"column":26},"end":{"line":87,"column":29}},"loc":{"start":{"line":87,"column":31},"end":{"line":89,"column":3}}},"12":{"name":"(anonymous_13)","decl":{"start":{"line":91,"column":28},"end":{"line":91,"column":31}},"loc":{"start":{"line":91,"column":33},"end":{"line":94,"column":3}}},"13":{"name":"(anonymous_14)","decl":{"start":{"line":96,"column":30},"end":{"line":96,"column":31}},"loc":{"start":{"line":96,"column":51},"end":{"line":100,"column":3}}},"14":{"name":"(anonymous_15)","decl":{"start":{"line":97,"column":24},"end":{"line":97,"column":25}},"loc":{"start":{"line":98,"column":6},"end":{"line":98,"column":69}}},"15":{"name":"(anonymous_16)","decl":{"start":{"line":98,"column":34},"end":{"line":98,"column":35}},"loc":{"start":{"line":98,"column":41},"end":{"line":98,"column":68}}},"16":{"name":"(anonymous_17)","decl":{"start":{"line":118,"column":23},"end":{"line":118,"column":26}},"loc":{"start":{"line":118,"column":29},"end":{"line":118,"column":64}}},"17":{"name":"(anonymous_18)","decl":{"start":{"line":124,"column":23},"end":{"line":124,"column":26}},"loc":{"start":{"line":124,"column":29},"end":{"line":124,"column":60}}},"18":{"name":"(anonymous_19)","decl":{"start":{"line":131,"column":41},"end":{"line":131,"column":42}},"loc":{"start":{"line":131,"column":54},"end":{"line":131,"column":90}}}},"branchMap":{"0":{"loc":{"start":{"line":33,"column":8},"end":{"line":35,"column":null}},"type":"if","locations":[{"start":{"line":33,"column":8},"end":{"line":35,"column":null}}]},"1":{"loc":{"start":{"line":52,"column":6},"end":{"line":64,"column":null}},"type":"if","locations":[{"start":{"line":52,"column":6},"end":{"line":64,"column":null}},{"start":{"line":58,"column":13},"end":{"line":64,"column":null}}]},"2":{"loc":{"start":{"line":117,"column":38},"end":{"line":117,"column":89}},"type":"cond-expr","locations":[{"start":{"line":117,"column":76},"end":{"line":117,"column":84}},{"start":{"line":117,"column":87},"end":{"line":117,"column":89}}]},"3":{"loc":{"start":{"line":123,"column":34},"end":{"line":123,"column":81}},"type":"cond-expr","locations":[{"start":{"line":123,"column":68},"end":{"line":123,"column":76}},{"start":{"line":123,"column":79},"end":{"line":123,"column":81}}]}},"s":{"0":1,"1":1,"2":1,"3":1,"4":1,"5":1,"6":1,"7":0,"8":0,"9":0,"10":0,"11":0,"12":0,"13":0,"14":0,"15":0,"16":0,"17":0,"18":0,"19":0,"20":0,"21":0,"22":0,"23":0,"24":0,"25":0,"26":0,"27":0,"28":0,"29":0,"30":0,"31":0,"32":0,"33":0,"34":0,"35":0,"36":0,"37":0,"38":0,"39":0,"40":0,"41":0,"42":0,"43":0,"44":0,"45":0,"46":0,"47":0,"48":0,"49":0,"50":0,"51":1},"f":{"0":0,"1":0,"2":0,"3":0,"4":0,"5":0,"6":0,"7":0,"8":0,"9":0,"10":0,"11":0,"12":0,"13":0,"14":0,"15":0,"16":0,"17":0,"18":0},"b":{"0":[0],"1":[0,0],"2":[0,0],"3":[0,0]}}
,"/Users/andreacabreraayala/burger queen/DEV009-burger-queen-api-clien/src/components/order-form/order-form.tsx": {"path":"/Users/andreacabreraayala/burger queen/DEV009-burger-queen-api-clien/src/components/order-form/order-form.tsx","statementMap":{"0":{"start":{"line":2,"column":0},"end":{"line":2,"column":33}},"1":{"start":{"line":3,"column":0},"end":{"line":3,"column":26}},"2":{"start":{"line":23,"column":44},"end":{"line":129,"column":1}},"3":{"start":{"line":24,"column":23},"end":{"line":24,"column":120}},"4":{"start":{"line":24,"column":68},"end":{"line":24,"column":111}},"5":{"start":{"line":25,"column":30},"end":{"line":25,"column":43}},"6":{"start":{"line":26,"column":40},"end":{"line":26,"column":56}},"7":{"start":{"line":29,"column":25},"end":{"line":62,"column":5}},"8":{"start":{"line":30,"column":8},"end":{"line":30,"column":31}},"9":{"start":{"line":33,"column":28},"end":{"line":33,"column":38}},"10":{"start":{"line":34,"column":30},"end":{"line":34,"column":339}},"11":{"start":{"line":36,"column":8},"end":{"line":61,"column":null}},"12":{"start":{"line":37,"column":29},"end":{"line":49,"column":14}},"13":{"start":{"line":51,"column":12},"end":{"line":53,"column":null}},"14":{"start":{"line":52,"column":16},"end":{"line":52,"column":63}},"15":{"start":{"line":56,"column":12},"end":{"line":56,"column":26}},"16":{"start":{"line":57,"column":12},"end":{"line":57,"column":34}},"17":{"start":{"line":58,"column":12},"end":{"line":58,"column":34}},"18":{"start":{"line":60,"column":12},"end":{"line":60,"column":43}},"19":{"start":{"line":64,"column":32},"end":{"line":71,"column":5}},"20":{"start":{"line":67,"column":8},"end":{"line":69,"column":11}},"21":{"start":{"line":68,"column":12},"end":{"line":68,"column":45}},"22":{"start":{"line":73,"column":4},"end":{"line":128,"column":6}},"23":{"start":{"line":82,"column":37},"end":{"line":82,"column":61}},"24":{"start":{"line":97,"column":37},"end":{"line":97,"column":66}},"25":{"start":{"line":105,"column":28},"end":{"line":105,"column":null}},"26":{"start":{"line":111,"column":55},"end":{"line":111,"column":87}},"27":{"start":{"line":131,"column":0},"end":{"line":131,"column":25}}},"fnMap":{"0":{"name":"(anonymous_0)","decl":{"start":{"line":23,"column":44},"end":{"line":23,"column":45}},"loc":{"start":{"line":23,"column":94},"end":{"line":129,"column":1}}},"1":{"name":"(anonymous_1)","decl":{"start":{"line":24,"column":48},"end":{"line":24,"column":49}},"loc":{"start":{"line":24,"column":68},"end":{"line":24,"column":111}}},"2":{"name":"(anonymous_2)","decl":{"start":{"line":29,"column":25},"end":{"line":29,"column":30}},"loc":{"start":{"line":29,"column":78},"end":{"line":62,"column":5}}},"3":{"name":"(anonymous_3)","decl":{"start":{"line":64,"column":32},"end":{"line":64,"column":35}},"loc":{"start":{"line":64,"column":37},"end":{"line":71,"column":5}}},"4":{"name":"(anonymous_4)","decl":{"start":{"line":67,"column":33},"end":{"line":67,"column":34}},"loc":{"start":{"line":67,"column":45},"end":{"line":69,"column":9}}},"5":{"name":"(anonymous_5)","decl":{"start":{"line":82,"column":30},"end":{"line":82,"column":31}},"loc":{"start":{"line":82,"column":37},"end":{"line":82,"column":61}}},"6":{"name":"(anonymous_6)","decl":{"start":{"line":97,"column":30},"end":{"line":97,"column":31}},"loc":{"start":{"line":97,"column":37},"end":{"line":97,"column":66}}},"7":{"name":"(anonymous_7)","decl":{"start":{"line":104,"column":47},"end":{"line":104,"column":48}},"loc":{"start":{"line":105,"column":28},"end":{"line":105,"column":null}}},"8":{"name":"(anonymous_8)","decl":{"start":{"line":111,"column":49},"end":{"line":111,"column":52}},"loc":{"start":{"line":111,"column":55},"end":{"line":111,"column":87}}}},"branchMap":{"0":{"loc":{"start":{"line":24,"column":23},"end":{"line":24,"column":120}},"type":"binary-expr","locations":[{"start":{"line":24,"column":23},"end":{"line":24,"column":115}},{"start":{"line":24,"column":119},"end":{"line":24,"column":120}}]},"1":{"loc":{"start":{"line":51,"column":12},"end":{"line":53,"column":null}},"type":"if","locations":[{"start":{"line":51,"column":12},"end":{"line":53,"column":null}}]}},"s":{"0":2,"1":2,"2":2,"3":1,"4":2,"5":1,"6":1,"7":1,"8":1,"9":1,"10":1,"11":1,"12":1,"13":0,"14":0,"15":0,"16":0,"17":0,"18":1,"19":1,"20":0,"21":0,"22":1,"23":0,"24":0,"25":2,"26":0,"27":2},"f":{"0":1,"1":2,"2":1,"3":0,"4":0,"5":0,"6":0,"7":2,"8":0},"b":{"0":[1,0],"1":[0]}}
,"/Users/andreacabreraayala/burger queen/DEV009-burger-queen-api-clien/src/components/order-ready-view/order-ready-view.tsx": {"path":"/Users/andreacabreraayala/burger queen/DEV009-burger-queen-api-clien/src/components/order-ready-view/order-ready-view.tsx","statementMap":{"0":{"start":{"line":1,"column":0},"end":{"line":1,"column":51}},"1":{"start":{"line":2,"column":0},"end":{"line":2,"column":54}},"2":{"start":{"line":3,"column":0},"end":{"line":3,"column":47}},"3":{"start":{"line":4,"column":0},"end":{"line":4,"column":32}},"4":{"start":{"line":25,"column":29},"end":{"line":138,"column":1}},"5":{"start":{"line":26,"column":19},"end":{"line":26,"column":32}},"6":{"start":{"line":27,"column":31},"end":{"line":27,"column":46}},"7":{"start":{"line":28,"column":30},"end":{"line":28,"column":52}},"8":{"start":{"line":30,"column":24},"end":{"line":37,"column":3}},"9":{"start":{"line":31,"column":29},"end":{"line":31,"column":45}},"10":{"start":{"line":32,"column":4},"end":{"line":32,"column":39}},"11":{"start":{"line":33,"column":4},"end":{"line":33,"column":27}},"12":{"start":{"line":36,"column":4},"end":{"line":36,"column":84}},"13":{"start":{"line":39,"column":2},"end":{"line":66,"column":9}},"14":{"start":{"line":40,"column":26},"end":{"line":63,"column":5}},"15":{"start":{"line":41,"column":6},"end":{"line":62,"column":null}},"16":{"start":{"line":42,"column":25},"end":{"line":48,"column":10}},"17":{"start":{"line":50,"column":8},"end":{"line":52,"column":null}},"18":{"start":{"line":51,"column":10},"end":{"line":51,"column":57}},"19":{"start":{"line":54,"column":21},"end":{"line":54,"column":42}},"20":{"start":{"line":55,"column":40},"end":{"line":58,"column":11}},"21":{"start":{"line":55,"column":75},"end":{"line":58,"column":10}},"22":{"start":{"line":59,"column":8},"end":{"line":59,"column":43}},"23":{"start":{"line":61,"column":8},"end":{"line":61,"column":55}},"24":{"start":{"line":65,"column":4},"end":{"line":65,"column":20}},"25":{"start":{"line":68,"column":26},"end":{"line":70,"column":3}},"26":{"start":{"line":69,"column":4},"end":{"line":69,"column":29}},"27":{"start":{"line":72,"column":28},"end":{"line":75,"column":3}},"28":{"start":{"line":73,"column":4},"end":{"line":73,"column":28}},"29":{"start":{"line":74,"column":4},"end":{"line":74,"column":18}},"30":{"start":{"line":77,"column":2},"end":{"line":137,"column":4}},"31":{"start":{"line":103,"column":14},"end":{"line":103,"column":null}},"32":{"start":{"line":110,"column":22},"end":{"line":110,"column":null}},"33":{"start":{"line":120,"column":67},"end":{"line":120,"column":113}},"34":{"start":{"line":126,"column":35},"end":{"line":126,"column":55}},"35":{"start":{"line":140,"column":0},"end":{"line":140,"column":26}}},"fnMap":{"0":{"name":"(anonymous_1)","decl":{"start":{"line":25,"column":29},"end":{"line":25,"column":32}},"loc":{"start":{"line":25,"column":34},"end":{"line":138,"column":1}}},"1":{"name":"(anonymous_2)","decl":{"start":{"line":30,"column":24},"end":{"line":30,"column":25}},"loc":{"start":{"line":30,"column":42},"end":{"line":37,"column":3}}},"2":{"name":"(anonymous_3)","decl":{"start":{"line":39,"column":12},"end":{"line":39,"column":15}},"loc":{"start":{"line":39,"column":17},"end":{"line":66,"column":3}}},"3":{"name":"(anonymous_4)","decl":{"start":{"line":40,"column":26},"end":{"line":40,"column":31}},"loc":{"start":{"line":40,"column":37},"end":{"line":63,"column":5}}},"4":{"name":"(anonymous_5)","decl":{"start":{"line":55,"column":49},"end":{"line":55,"column":50}},"loc":{"start":{"line":55,"column":75},"end":{"line":58,"column":10}}},"5":{"name":"(anonymous_6)","decl":{"start":{"line":68,"column":26},"end":{"line":68,"column":29}},"loc":{"start":{"line":68,"column":31},"end":{"line":70,"column":3}}},"6":{"name":"(anonymous_7)","decl":{"start":{"line":72,"column":28},"end":{"line":72,"column":31}},"loc":{"start":{"line":72,"column":33},"end":{"line":75,"column":3}}},"7":{"name":"(anonymous_8)","decl":{"start":{"line":102,"column":24},"end":{"line":102,"column":25}},"loc":{"start":{"line":103,"column":14},"end":{"line":103,"column":null}}},"8":{"name":"(anonymous_9)","decl":{"start":{"line":109,"column":39},"end":{"line":109,"column":40}},"loc":{"start":{"line":110,"column":22},"end":{"line":110,"column":null}}},"9":{"name":"(anonymous_10)","decl":{"start":{"line":120,"column":44},"end":{"line":120,"column":45}},"loc":{"start":{"line":120,"column":67},"end":{"line":120,"column":113}}},"10":{"name":"(anonymous_11)","decl":{"start":{"line":126,"column":29},"end":{"line":126,"column":32}},"loc":{"start":{"line":126,"column":35},"end":{"line":126,"column":55}}}},"branchMap":{"0":{"loc":{"start":{"line":50,"column":8},"end":{"line":52,"column":null}},"type":"if","locations":[{"start":{"line":50,"column":8},"end":{"line":52,"column":null}}]},"1":{"loc":{"start":{"line":108,"column":19},"end":{"line":113,"column":22}},"type":"binary-expr","locations":[{"start":{"line":108,"column":19},"end":{"line":108,"column":33}},{"start":{"line":109,"column":20},"end":{"line":113,"column":22}}]},"2":{"loc":{"start":{"line":125,"column":31},"end":{"line":125,"column":99}},"type":"cond-expr","locations":[{"start":{"line":125,"column":49},"end":{"line":125,"column":81}},{"start":{"line":125,"column":84},"end":{"line":125,"column":99}}]},"3":{"loc":{"start":{"line":128,"column":21},"end":{"line":128,"column":57}},"type":"cond-expr","locations":[{"start":{"line":128,"column":39},"end":{"line":128,"column":50}},{"start":{"line":128,"column":53},"end":{"line":128,"column":57}}]}},"s":{"0":1,"1":1,"2":1,"3":1,"4":1,"5":0,"6":0,"7":0,"8":0,"9":0,"10":0,"11":0,"12":0,"13":0,"14":0,"15":0,"16":0,"17":0,"18":0,"19":0,"20":0,"21":0,"22":0,"23":0,"24":0,"25":0,"26":0,"27":0,"28":0,"29":0,"30":0,"31":0,"32":0,"33":0,"34":0,"35":1},"f":{"0":0,"1":0,"2":0,"3":0,"4":0,"5":0,"6":0,"7":0,"8":0,"9":0,"10":0},"b":{"0":[0],"1":[0,0],"2":[0,0],"3":[0,0]}}
,"/Users/andreacabreraayala/burger queen/DEV009-burger-queen-api-clien/src/components/product-list/product-list.tsx": {"path":"/Users/andreacabreraayala/burger queen/DEV009-burger-queen-api-clien/src/components/product-list/product-list.tsx","statementMap":{"0":{"start":{"line":4,"column":20},"end":{"line":17,"column":3}},"1":{"start":{"line":5,"column":2},"end":{"line":7,"column":null}},"2":{"start":{"line":6,"column":4},"end":{"line":6,"column":41}},"3":{"start":{"line":9,"column":4},"end":{"line":16,"column":6}},"4":{"start":{"line":13,"column":43},"end":{"line":13,"column":60}},"5":{"start":{"line":19,"column":2},"end":{"line":19,"column":29}}},"fnMap":{"0":{"name":"(anonymous_0)","decl":{"start":{"line":4,"column":20},"end":{"line":4,"column":21}},"loc":{"start":{"line":4,"column":63},"end":{"line":17,"column":3}}},"1":{"name":"(anonymous_1)","decl":{"start":{"line":13,"column":21},"end":{"line":13,"column":22}},"loc":{"start":{"line":13,"column":43},"end":{"line":13,"column":60}}}},"branchMap":{"0":{"loc":{"start":{"line":5,"column":2},"end":{"line":7,"column":null}},"type":"if","locations":[{"start":{"line":5,"column":2},"end":{"line":7,"column":null}}]},"1":{"loc":{"start":{"line":5,"column":6},"end":{"line":5,"column":55}},"type":"binary-expr","locations":[{"start":{"line":5,"column":6},"end":{"line":5,"column":30}},{"start":{"line":5,"column":34},"end":{"line":5,"column":55}}]}},"s":{"0":1,"1":2,"2":1,"3":1,"4":3,"5":1},"f":{"0":2,"1":3},"b":{"0":[1],"1":[2,2]}}
,"/Users/andreacabreraayala/burger queen/DEV009-burger-queen-api-clien/src/components/product-selection/product-selection.tsx": {"path":"/Users/andreacabreraayala/burger queen/DEV009-burger-queen-api-clien/src/components/product-selection/product-selection.tsx","statementMap":{"0":{"start":{"line":1,"column":0},"end":{"line":1,"column":46}},"1":{"start":{"line":2,"column":0},"end":{"line":2,"column":33}},"2":{"start":{"line":3,"column":0},"end":{"line":3,"column":65}},"3":{"start":{"line":4,"column":0},"end":{"line":4,"column":60}},"4":{"start":{"line":20,"column":50},"end":{"line":54,"column":1}},"5":{"start":{"line":21,"column":30},"end":{"line":23,"column":3}},"6":{"start":{"line":22,"column":4},"end":{"line":22,"column":29}},"7":{"start":{"line":25,"column":2},"end":{"line":53,"column":4}},"8":{"start":{"line":33,"column":12},"end":{"line":33,"column":null}},"9":{"start":{"line":44,"column":93},"end":{"line":44,"column":121}},"10":{"start":{"line":56,"column":0},"end":{"line":56,"column":28}}},"fnMap":{"0":{"name":"(anonymous_0)","decl":{"start":{"line":20,"column":50},"end":{"line":20,"column":51}},"loc":{"start":{"line":20,"column":84},"end":{"line":54,"column":1}}},"1":{"name":"(anonymous_1)","decl":{"start":{"line":21,"column":30},"end":{"line":21,"column":31}},"loc":{"start":{"line":21,"column":51},"end":{"line":23,"column":3}}},"2":{"name":"(anonymous_2)","decl":{"start":{"line":32,"column":24},"end":{"line":32,"column":25}},"loc":{"start":{"line":33,"column":12},"end":{"line":33,"column":null}}},"3":{"name":"(anonymous_3)","decl":{"start":{"line":44,"column":87},"end":{"line":44,"column":90}},"loc":{"start":{"line":44,"column":93},"end":{"line":44,"column":121}}}},"branchMap":{},"s":{"0":2,"1":2,"2":2,"3":2,"4":2,"5":2,"6":1,"7":2,"8":4,"9":1,"10":2},"f":{"0":2,"1":1,"2":4,"3":1},"b":{}}
,"/Users/andreacabreraayala/burger queen/DEV009-burger-queen-api-clien/src/components/user-profile/userprofile.tsx": {"path":"/Users/andreacabreraayala/burger queen/DEV009-burger-queen-api-clien/src/components/user-profile/userprofile.tsx","statementMap":{"0":{"start":{"line":2,"column":0},"end":{"line":2,"column":28}},"1":{"start":{"line":3,"column":0},"end":{"line":3,"column":65}},"2":{"start":{"line":4,"column":0},"end":{"line":4,"column":78}},"3":{"start":{"line":16,"column":48},"end":{"line":56,"column":1}},"4":{"start":{"line":25,"column":25},"end":{"line":34,"column":3}},"5":{"start":{"line":26,"column":4},"end":{"line":33,"column":null}},"6":{"start":{"line":28,"column":8},"end":{"line":28,"column":60}},"7":{"start":{"line":30,"column":8},"end":{"line":30,"column":42}},"8":{"start":{"line":32,"column":8},"end":{"line":32,"column":46}},"9":{"start":{"line":36,"column":2},"end":{"line":55,"column":4}},"10":{"start":{"line":58,"column":0},"end":{"line":58,"column":27}}},"fnMap":{"0":{"name":"(anonymous_0)","decl":{"start":{"line":16,"column":48},"end":{"line":16,"column":49}},"loc":{"start":{"line":24,"column":5},"end":{"line":56,"column":1}}},"1":{"name":"(anonymous_1)","decl":{"start":{"line":25,"column":25},"end":{"line":25,"column":28}},"loc":{"start":{"line":25,"column":30},"end":{"line":34,"column":3}}}},"branchMap":{"0":{"loc":{"start":{"line":26,"column":4},"end":{"line":33,"column":null}},"type":"switch","locations":[{"start":{"line":27,"column":6},"end":{"line":28,"column":60}},{"start":{"line":29,"column":6},"end":{"line":30,"column":42}},{"start":{"line":31,"column":6},"end":{"line":32,"column":46}}]},"1":{"loc":{"start":{"line":45,"column":7},"end":{"line":48,"column":null}},"type":"binary-expr","locations":[{"start":{"line":45,"column":7},"end":{"line":45,"column":21}},{"start":{"line":45,"column":25},"end":{"line":45,"column":36}},{"start":{"line":46,"column":8},"end":{"line":47,"column":null}}]}},"s":{"0":3,"1":3,"2":3,"3":3,"4":3,"5":3,"6":2,"7":0,"8":1,"9":3,"10":3},"f":{"0":3,"1":3},"b":{"0":[2,0,1],"1":[3,2,2]}}
,"/Users/andreacabreraayala/burger queen/DEV009-burger-queen-api-clien/src/components/waiter-view/waiter-view.tsx": {"path":"/Users/andreacabreraayala/burger queen/DEV009-burger-queen-api-clien/src/components/waiter-view/waiter-view.tsx","statementMap":{"0":{"start":{"line":1,"column":0},"end":{"line":1,"column":33}},"1":{"start":{"line":2,"column":0},"end":{"line":2,"column":47}},"2":{"start":{"line":3,"column":0},"end":{"line":3,"column":54}},"3":{"start":{"line":4,"column":0},"end":{"line":4,"column":69}},"4":{"start":{"line":6,"column":19},"end":{"line":31,"column":1}},"5":{"start":{"line":8,"column":19},"end":{"line":8,"column":32}},"6":{"start":{"line":9,"column":31},"end":{"line":9,"column":46}},"7":{"start":{"line":11,"column":28},"end":{"line":14,"column":3}},"8":{"start":{"line":12,"column":4},"end":{"line":12,"column":28}},"9":{"start":{"line":13,"column":4},"end":{"line":13,"column":18}},"10":{"start":{"line":16,"column":2},"end":{"line":30,"column":4}},"11":{"start":{"line":33,"column":0},"end":{"line":33,"column":26}}},"fnMap":{"0":{"name":"(anonymous_1)","decl":{"start":{"line":6,"column":19},"end":{"line":6,"column":22}},"loc":{"start":{"line":6,"column":24},"end":{"line":31,"column":1}}},"1":{"name":"(anonymous_2)","decl":{"start":{"line":11,"column":28},"end":{"line":11,"column":31}},"loc":{"start":{"line":11,"column":33},"end":{"line":14,"column":3}}},"2":{"name":"(anonymous_3)","decl":{"start":{"line":22,"column":23},"end":{"line":22,"column":26}},"loc":{"start":{"line":22,"column":28},"end":{"line":22,"column":32}}}},"branchMap":{},"s":{"0":2,"1":2,"2":2,"3":2,"4":2,"5":1,"6":1,"7":1,"8":0,"9":0,"10":1,"11":2},"f":{"0":1,"1":0,"2":0},"b":{}}
,"/Users/andreacabreraayala/burger queen/DEV009-burger-queen-api-clien/src/services/tokenRepository.ts": {"path":"/Users/andreacabreraayala/burger queen/DEV009-burger-queen-api-clien/src/services/tokenRepository.ts","statementMap":{"0":{"start":{"line":1,"column":21},"end":{"line":27,"column":1}},"1":{"start":{"line":2,"column":19},"end":{"line":11,"column":4}},"2":{"start":{"line":13,"column":2},"end":{"line":26,"column":null}},"3":{"start":{"line":14,"column":17},"end":{"line":14,"column":38}},"4":{"start":{"line":17,"column":21},"end":{"line":17,"column":35}},"5":{"start":{"line":18,"column":4},"end":{"line":18,"column":47}},"6":{"start":{"line":21,"column":4},"end":{"line":21,"column":58}},"7":{"start":{"line":23,"column":4},"end":{"line":23,"column":16}},"8":{"start":{"line":25,"column":4},"end":{"line":25,"column":59}},"9":{"start":{"line":1,"column":13},"end":{"line":1,"column":21}}},"fnMap":{"0":{"name":"(anonymous_0)","decl":{"start":{"line":1,"column":21},"end":{"line":1,"column":26}},"loc":{"start":{"line":1,"column":63},"end":{"line":27,"column":1}}}},"branchMap":{"0":{"loc":{"start":{"line":13,"column":2},"end":{"line":26,"column":null}},"type":"if","locations":[{"start":{"line":13,"column":2},"end":{"line":26,"column":null}},{"start":{"line":24,"column":9},"end":{"line":26,"column":null}}]}},"s":{"0":2,"1":0,"2":0,"3":0,"4":0,"5":0,"6":0,"7":0,"8":0,"9":2},"f":{"0":0},"b":{"0":[0,0]}}
,"/Users/andreacabreraayala/burger queen/DEV009-burger-queen-api-clien/src/tests/fileMock.js": {"path":"/Users/andreacabreraayala/burger queen/DEV009-burger-queen-api-clien/src/tests/fileMock.js","statementMap":{"0":{"start":{"line":1,"column":0},"end":{"line":1,"column":20}}},"fnMap":{},"branchMap":{},"s":{"0":8},"f":{},"b":{},"inputSourceMap":null,"_coverageSchema":"1a1c01bbd47fc00a2c39e90264f33305004495a9","hash":"c2e09a0804cea0ad5a06eb9a229527ea5f1f89ba"}
}
