TN:
SF:src/Route/routes.tsx
FN:13,(anonymous_1)
FNF:1
FNH:1
FNDA:1,(anonymous_1)
DA:2,1
DA:3,1
DA:4,1
DA:5,1
DA:6,1
DA:7,1
DA:8,1
DA:9,1
DA:10,1
DA:13,1
DA:14,1
DA:30,1
LF:12
LH:12
BRF:0
BRH:0
end_of_record
TN:
SF:src/components/Button-staff/Button-staff.tsx
FN:8,(anonymous_0)
FNF:1
FNH:0
FNDA:0,(anonymous_0)
DA:8,1
DA:9,0
DA:21,1
LF:3
LH:2
BRF:0
BRH:0
end_of_record
TN:
SF:src/components/Product-table-admi/Product-table-admi.tsx
FN:14,(anonymous_0)
FN:27,(anonymous_1)
FN:37,(anonymous_2)
FN:38,(anonymous_3)
FN:41,(anonymous_4)
FN:46,(anonymous_5)
FN:77,(anonymous_6)
FN:97,(anonymous_7)
FN:98,(anonymous_8)
FN:114,(anonymous_9)
FN:124,(anonymous_10)
FN:126,(anonymous_11)
FN:127,(anonymous_12)
FN:133,(anonymous_13)
FN:141,(anonymous_14)
FN:145,(anonymous_15)
FN:163,(anonymous_16)
FN:172,(anonymous_17)
FN:175,(anonymous_18)
FN:188,(anonymous_19)
FN:199,(anonymous_20)
FN:209,(anonymous_21)
FN:221,(anonymous_22)
FN:231,(anonymous_23)
FN:238,(anonymous_24)
FN:247,(anonymous_25)
FN:258,(anonymous_26)
FN:270,(anonymous_27)
FN:284,(anonymous_28)
FN:296,(anonymous_29)
FN:305,(anonymous_30)
FNF:31
FNH:0
FNDA:0,(anonymous_0)
FNDA:0,(anonymous_1)
FNDA:0,(anonymous_2)
FNDA:0,(anonymous_3)
FNDA:0,(anonymous_4)
FNDA:0,(anonymous_5)
FNDA:0,(anonymous_6)
FNDA:0,(anonymous_7)
FNDA:0,(anonymous_8)
FNDA:0,(anonymous_9)
FNDA:0,(anonymous_10)
FNDA:0,(anonymous_11)
FNDA:0,(anonymous_12)
FNDA:0,(anonymous_13)
FNDA:0,(anonymous_14)
FNDA:0,(anonymous_15)
FNDA:0,(anonymous_16)
FNDA:0,(anonymous_17)
FNDA:0,(anonymous_18)
FNDA:0,(anonymous_19)
FNDA:0,(anonymous_20)
FNDA:0,(anonymous_21)
FNDA:0,(anonymous_22)
FNDA:0,(anonymous_23)
FNDA:0,(anonymous_24)
FNDA:0,(anonymous_25)
FNDA:0,(anonymous_26)
FNDA:0,(anonymous_27)
FNDA:0,(anonymous_28)
FNDA:0,(anonymous_29)
FNDA:0,(anonymous_30)
DA:1,1
DA:2,1
DA:3,1
DA:4,1
DA:14,1
DA:15,0
DA:16,0
DA:17,0
DA:18,0
DA:19,0
DA:27,0
DA:29,0
DA:37,0
DA:39,0
DA:42,0
DA:46,0
DA:47,0
DA:49,0
DA:58,0
DA:59,0
DA:60,0
DA:61,0
DA:62,0
DA:70,0
DA:73,0
DA:77,0
DA:78,0
DA:79,0
DA:81,0
DA:96,0
DA:97,0
DA:98,0
DA:99,0
DA:102,0
DA:103,0
DA:105,0
DA:108,0
DA:114,0
DA:115,0
DA:117,0
DA:125,0
DA:126,0
DA:127,0
DA:130,0
DA:134,0
DA:137,0
DA:141,0
DA:142,0
DA:145,0
DA:146,0
DA:147,0
DA:150,0
DA:164,0
DA:172,0
DA:175,0
DA:188,0
DA:199,0
DA:209,0
DA:221,0
DA:231,0
DA:238,0
DA:247,0
DA:259,0
DA:271,0
DA:285,0
DA:297,0
DA:305,0
DA:317,1
LF:68
LH:6
BRDA:58,0,0,0
BRDA:58,0,1,0
BRDA:78,1,0,0
BRDA:96,2,0,0
BRDA:96,2,1,0
BRDA:99,3,0,0
BRDA:99,3,1,0
BRDA:125,4,0,0
BRDA:125,4,1,0
BRDA:257,5,0,0
BRDA:257,5,1,0
BRDA:269,6,0,0
BRDA:269,6,1,0
BRDA:283,7,0,0
BRDA:283,7,1,0
BRDA:295,8,0,0
BRDA:295,8,1,0
BRF:17
BRH:0
end_of_record
TN:
SF:src/components/Staff/staff.tsx
FN:17,(anonymous_1)
FN:30,(anonymous_2)
FN:34,(anonymous_3)
FN:39,(anonymous_4)
FN:43,(anonymous_5)
FN:47,(anonymous_6)
FN:69,(anonymous_7)
FN:97,(anonymous_8)
FN:125,(anonymous_9)
FN:134,(anonymous_10)
FN:135,(anonymous_11)
FN:139,(anonymous_12)
FN:166,(anonymous_13)
FN:174,(anonymous_14)
FN:178,(anonymous_15)
FN:198,(anonymous_16)
FN:203,(anonymous_17)
FN:208,(anonymous_18)
FN:213,(anonymous_19)
FNF:19
FNH:0
FNDA:0,(anonymous_1)
FNDA:0,(anonymous_2)
FNDA:0,(anonymous_3)
FNDA:0,(anonymous_4)
FNDA:0,(anonymous_5)
FNDA:0,(anonymous_6)
FNDA:0,(anonymous_7)
FNDA:0,(anonymous_8)
FNDA:0,(anonymous_9)
FNDA:0,(anonymous_10)
FNDA:0,(anonymous_11)
FNDA:0,(anonymous_12)
FNDA:0,(anonymous_13)
FNDA:0,(anonymous_14)
FNDA:0,(anonymous_15)
FNDA:0,(anonymous_16)
FNDA:0,(anonymous_17)
FNDA:0,(anonymous_18)
FNDA:0,(anonymous_19)
DA:1,1
DA:2,1
DA:3,1
DA:4,1
DA:5,1
DA:6,1
DA:7,1
DA:17,1
DA:18,0
DA:19,0
DA:20,0
DA:21,0
DA:22,0
DA:23,0
DA:24,0
DA:25,0
DA:26,0
DA:27,0
DA:28,0
DA:30,0
DA:31,0
DA:34,0
DA:35,0
DA:36,0
DA:39,0
DA:40,0
DA:43,0
DA:44,0
DA:47,0
DA:48,0
DA:49,0
DA:57,0
DA:58,0
DA:59,0
DA:61,0
DA:64,0
DA:65,0
DA:69,0
DA:70,0
DA:71,0
DA:85,0
DA:86,0
DA:87,0
DA:89,0
DA:92,0
DA:93,0
DA:97,0
DA:98,0
DA:99,0
DA:113,0
DA:114,0
DA:115,0
DA:117,0
DA:120,0
DA:121,0
DA:125,0
DA:126,0
DA:134,0
DA:136,0
DA:137,0
DA:140,0
DA:144,0
DA:167,0
DA:175,0
DA:176,0
DA:178,0
DA:198,0
DA:203,0
DA:208,0
DA:213,0
DA:229,1
LF:71
LH:9
BRDA:57,0,0,0
BRDA:57,0,1,0
BRDA:85,1,0,0
BRDA:85,1,1,0
BRDA:113,2,0,0
BRDA:113,2,1,0
BRDA:166,3,0,0
BRDA:166,3,1,0
BRDA:192,4,0,0
BRDA:192,4,1,0
BRDA:216,5,0,0
BRDA:216,5,1,0
BRDA:217,6,0,0
BRDA:217,6,1,0
BRDA:223,7,0,0
BRDA:223,7,1,0
BRDA:224,8,0,0
BRDA:224,8,1,0
BRF:18
BRH:0
end_of_record
TN:
SF:src/components/admi-products/admi-products.tsx
FN:9,(anonymous_1)
FN:15,(anonymous_2)
FN:19,(anonymous_3)
FNF:3
FNH:0
FNDA:0,(anonymous_1)
FNDA:0,(anonymous_2)
FNDA:0,(anonymous_3)
DA:1,1
DA:2,1
DA:3,1
DA:4,1
DA:5,1
DA:9,1
DA:10,0
DA:11,0
DA:15,0
DA:16,0
DA:19,0
DA:20,0
DA:21,0
DA:24,0
DA:44,1
LF:15
LH:7
BRF:0
BRH:0
end_of_record
TN:
SF:src/components/admi-view/admi-view.tsx
FN:8,(anonymous_1)
FN:12,(anonymous_2)
FN:22,(anonymous_3)
FNF:3
FNH:0
FNDA:0,(anonymous_1)
FNDA:0,(anonymous_2)
FNDA:0,(anonymous_3)
DA:1,1
DA:2,1
DA:3,1
DA:4,1
DA:5,1
DA:6,1
DA:8,1
DA:9,0
DA:10,0
DA:12,0
DA:13,0
DA:14,0
DA:17,0
DA:44,1
LF:14
LH:8
BRF:0
BRH:0
end_of_record
TN:
SF:src/components/chef-view/chef-view.tsx
FN:25,(anonymous_1)
FN:31,(anonymous_2)
FN:37,(anonymous_3)
FN:54,(anonymous_4)
FN:75,(anonymous_5)
FN:79,(anonymous_6)
FN:84,(anonymous_7)
FN:85,(anonymous_8)
FN:105,(anonymous_9)
FN:120,(anonymous_10)
FN:164,(anonymous_11)
FN:168,(anonymous_12)
FN:177,(anonymous_13)
FN:183,(anonymous_14)
FNF:14
FNH:0
FNDA:0,(anonymous_1)
FNDA:0,(anonymous_2)
FNDA:0,(anonymous_3)
FNDA:0,(anonymous_4)
FNDA:0,(anonymous_5)
FNDA:0,(anonymous_6)
FNDA:0,(anonymous_7)
FNDA:0,(anonymous_8)
FNDA:0,(anonymous_9)
FNDA:0,(anonymous_10)
FNDA:0,(anonymous_11)
FNDA:0,(anonymous_12)
FNDA:0,(anonymous_13)
FNDA:0,(anonymous_14)
DA:1,1
DA:2,1
DA:3,1
DA:4,1
DA:5,1
DA:25,1
DA:26,0
DA:27,0
DA:28,0
DA:29,0
DA:31,0
DA:33,0
DA:34,0
DA:37,0
DA:40,0
DA:41,0
DA:42,0
DA:45,0
DA:46,0
DA:47,0
DA:50,0
DA:54,0
DA:55,0
DA:56,0
DA:65,0
DA:66,0
DA:69,0
DA:75,0
DA:76,0
DA:79,0
DA:80,0
DA:81,0
DA:84,0
DA:85,0
DA:86,0
DA:87,0
DA:95,0
DA:96,0
DA:99,0
DA:100,0
DA:101,0
DA:104,0
DA:105,0
DA:106,0
DA:107,0
DA:109,0
DA:110,0
DA:112,0
DA:116,0
DA:120,0
DA:121,0
DA:122,0
DA:123,0
DA:126,0
DA:129,0
DA:131,0
DA:133,0
DA:134,0
DA:137,0
DA:139,0
DA:143,0
DA:165,0
DA:169,0
DA:177,0
DA:183,0
DA:199,1
LF:66
LH:7
BRDA:40,0,0,0
BRDA:65,1,0,0
BRDA:95,2,0,0
BRDA:107,3,0,0
BRDA:107,3,1,0
BRDA:121,4,0,0
BRDA:121,5,0,0
BRDA:121,5,1,0
BRDA:131,6,0,0
BRDA:168,7,0,0
BRDA:168,7,1,0
BRF:11
BRH:0
end_of_record
TN:
SF:src/components/login-view/log-in-view.tsx
FN:6,(anonymous_0)
FN:11,(anonymous_1)
FN:52,(anonymous_2)
FN:59,(anonymous_3)
FNF:4
FNH:4
FNDA:63,(anonymous_0)
FNDA:4,(anonymous_1)
FNDA:34,(anonymous_2)
FNDA:24,(anonymous_3)
DA:1,3
DA:2,3
DA:3,3
DA:4,3
DA:6,3
DA:7,63
DA:8,63
DA:9,63
DA:11,63
DA:12,4
DA:14,4
DA:15,4
DA:16,3
DA:17,3
DA:19,3
DA:21,3
DA:23,1
DA:24,1
DA:25,1
DA:27,0
DA:28,0
DA:29,0
DA:31,1
DA:32,1
DA:33,1
DA:35,1
DA:38,1
DA:44,63
DA:52,34
DA:59,24
DA:68,3
LF:31
LH:28
BRDA:21,0,0,1
BRDA:21,0,1,0
BRDA:21,0,2,1
BRDA:21,0,3,1
BRDA:38,1,0,0
BRDA:38,2,0,1
BRDA:38,2,1,0
BRF:7
BRH:4
end_of_record
TN:
SF:src/components/main-menu.buttons/main-menu-buttons.tsx
FN:4,(anonymous_0)
FN:7,(anonymous_1)
FN:11,(anonymous_2)
FNF:3
FNH:1
FNDA:1,(anonymous_0)
FNDA:0,(anonymous_1)
FNDA:0,(anonymous_2)
DA:1,2
DA:2,2
DA:4,2
DA:5,1
DA:7,1
DA:8,0
DA:11,1
DA:12,0
DA:15,1
DA:27,2
LF:10
LH:8
BRF:0
BRH:0
end_of_record
TN:
SF:src/components/menu/menu.tsx
FN:21,(anonymous_1)
FN:30,(anonymous_2)
FN:31,(anonymous_3)
FN:32,(anonymous_4)
FN:41,(anonymous_5)
FN:44,(anonymous_6)
FN:48,(anonymous_7)
FN:69,(anonymous_8)
FN:78,(anonymous_9)
FN:79,(anonymous_10)
FN:82,(anonymous_11)
FN:87,(anonymous_12)
FN:91,(anonymous_13)
FN:96,(anonymous_14)
FN:97,(anonymous_15)
FN:98,(anonymous_16)
FN:118,(anonymous_17)
FN:124,(anonymous_18)
FN:131,(anonymous_19)
FNF:19
FNH:0
FNDA:0,(anonymous_1)
FNDA:0,(anonymous_2)
FNDA:0,(anonymous_3)
FNDA:0,(anonymous_4)
FNDA:0,(anonymous_5)
FNDA:0,(anonymous_6)
FNDA:0,(anonymous_7)
FNDA:0,(anonymous_8)
FNDA:0,(anonymous_9)
FNDA:0,(anonymous_10)
FNDA:0,(anonymous_11)
FNDA:0,(anonymous_12)
FNDA:0,(anonymous_13)
FNDA:0,(anonymous_14)
FNDA:0,(anonymous_15)
FNDA:0,(anonymous_16)
FNDA:0,(anonymous_17)
FNDA:0,(anonymous_18)
FNDA:0,(anonymous_19)
DA:1,1
DA:2,1
DA:3,1
DA:4,1
DA:5,1
DA:6,1
DA:21,1
DA:22,0
DA:23,0
DA:24,0
DA:25,0
DA:26,0
DA:27,0
DA:28,0
DA:30,0
DA:31,0
DA:32,0
DA:33,0
DA:34,0
DA:36,0
DA:41,0
DA:42,0
DA:44,0
DA:45,0
DA:47,0
DA:48,0
DA:50,0
DA:52,0
DA:54,0
DA:55,0
DA:56,0
DA:57,0
DA:60,0
DA:69,0
DA:70,0
DA:78,0
DA:80,0
DA:83,0
DA:87,0
DA:88,0
DA:91,0
DA:92,0
DA:93,0
DA:96,0
DA:97,0
DA:98,0
DA:102,0
DA:118,0
DA:124,0
DA:131,0
DA:150,1
LF:51
LH:8
BRDA:33,0,0,0
BRDA:52,1,0,0
BRDA:52,1,1,0
BRDA:117,2,0,0
BRDA:117,2,1,0
BRDA:123,3,0,0
BRDA:123,3,1,0
BRF:7
BRH:0
end_of_record
TN:
SF:src/components/order-form/order-form.tsx
FN:23,(anonymous_0)
FN:24,(anonymous_1)
FN:29,(anonymous_2)
FN:64,(anonymous_3)
FN:67,(anonymous_4)
FN:82,(anonymous_5)
FN:97,(anonymous_6)
FN:104,(anonymous_7)
FN:111,(anonymous_8)
FNF:9
FNH:4
FNDA:1,(anonymous_0)
FNDA:2,(anonymous_1)
FNDA:1,(anonymous_2)
FNDA:0,(anonymous_3)
FNDA:0,(anonymous_4)
FNDA:0,(anonymous_5)
FNDA:0,(anonymous_6)
FNDA:2,(anonymous_7)
FNDA:0,(anonymous_8)
DA:2,2
DA:3,2
DA:23,2
DA:24,2
DA:25,1
DA:26,1
DA:29,1
DA:30,1
DA:33,1
DA:34,1
DA:36,1
DA:37,1
DA:51,0
DA:52,0
DA:56,0
DA:57,0
DA:58,0
DA:60,1
DA:64,1
DA:67,0
DA:68,0
DA:73,1
DA:82,0
DA:97,0
DA:105,2
DA:111,0
DA:131,2
LF:27
LH:17
BRDA:24,0,0,1
BRDA:24,0,1,0
BRDA:51,1,0,0
BRF:3
BRH:1
end_of_record
TN:
SF:src/components/order-ready-view/order-ready-view.tsx
FN:25,(anonymous_1)
FN:30,(anonymous_2)
FN:39,(anonymous_3)
FN:40,(anonymous_4)
FN:55,(anonymous_5)
FN:68,(anonymous_6)
FN:72,(anonymous_7)
FN:102,(anonymous_8)
FN:109,(anonymous_9)
FN:120,(anonymous_10)
FN:126,(anonymous_11)
FNF:11
FNH:0
FNDA:0,(anonymous_1)
FNDA:0,(anonymous_2)
FNDA:0,(anonymous_3)
FNDA:0,(anonymous_4)
FNDA:0,(anonymous_5)
FNDA:0,(anonymous_6)
FNDA:0,(anonymous_7)
FNDA:0,(anonymous_8)
FNDA:0,(anonymous_9)
FNDA:0,(anonymous_10)
FNDA:0,(anonymous_11)
DA:1,1
DA:2,1
DA:3,1
DA:4,1
DA:25,1
DA:26,0
DA:27,0
DA:28,0
DA:30,0
DA:31,0
DA:32,0
DA:33,0
DA:36,0
DA:39,0
DA:40,0
DA:41,0
DA:42,0
DA:50,0
DA:51,0
DA:54,0
DA:55,0
DA:59,0
DA:61,0
DA:65,0
DA:68,0
DA:69,0
DA:72,0
DA:73,0
DA:74,0
DA:77,0
DA:103,0
DA:110,0
DA:120,0
DA:126,0
DA:140,1
LF:35
LH:6
BRDA:50,0,0,0
BRDA:108,1,0,0
BRDA:108,1,1,0
BRDA:125,2,0,0
BRDA:125,2,1,0
BRDA:128,3,0,0
BRDA:128,3,1,0
BRF:7
BRH:0
end_of_record
TN:
SF:src/components/product-list/product-list.tsx
FN:4,(anonymous_0)
FN:13,(anonymous_1)
FNF:2
FNH:2
FNDA:2,(anonymous_0)
FNDA:3,(anonymous_1)
DA:4,1
DA:5,2
DA:6,1
DA:9,1
DA:13,3
DA:19,1
LF:6
LH:6
BRDA:5,0,0,1
BRDA:5,1,0,2
BRDA:5,1,1,2
BRF:3
BRH:3
end_of_record
TN:
SF:src/components/product-selection/product-selection.tsx
FN:20,(anonymous_0)
FN:21,(anonymous_1)
FN:32,(anonymous_2)
FN:44,(anonymous_3)
FNF:4
FNH:4
FNDA:2,(anonymous_0)
FNDA:1,(anonymous_1)
FNDA:4,(anonymous_2)
FNDA:1,(anonymous_3)
DA:1,2
DA:2,2
DA:3,2
DA:4,2
DA:20,2
DA:21,2
DA:22,1
DA:25,2
DA:33,4
DA:44,1
DA:56,2
LF:11
LH:11
BRF:0
BRH:0
end_of_record
TN:
SF:src/components/user-profile/userprofile.tsx
FN:16,(anonymous_0)
FN:25,(anonymous_1)
FNF:2
FNH:2
FNDA:1,(anonymous_0)
FNDA:1,(anonymous_1)
DA:2,2
DA:3,2
DA:4,2
DA:16,2
DA:25,1
DA:26,1
DA:28,0
DA:30,0
DA:32,1
DA:36,1
DA:58,2
LF:11
LH:9
BRDA:26,0,0,0
BRDA:26,0,1,0
BRDA:26,0,2,1
BRDA:45,1,0,1
BRDA:45,1,1,0
BRDA:45,1,2,0
BRF:6
BRH:2
end_of_record
TN:
SF:src/components/waiter-view/waiter-view.tsx
FN:6,(anonymous_1)
FN:11,(anonymous_2)
FN:22,(anonymous_3)
FNF:3
FNH:1
FNDA:1,(anonymous_1)
FNDA:0,(anonymous_2)
FNDA:0,(anonymous_3)
DA:1,2
DA:2,2
DA:3,2
DA:4,2
DA:6,2
DA:8,1
DA:9,1
DA:11,1
DA:12,0
DA:13,0
DA:16,1
DA:33,2
LF:12
LH:10
BRF:0
BRH:0
end_of_record
TN:
SF:src/services/tokenRepository.ts
FN:1,(anonymous_0)
FNF:1
FNH:0
FNDA:0,(anonymous_0)
DA:1,2
DA:2,0
DA:13,0
DA:14,0
DA:17,0
DA:18,0
DA:21,0
DA:23,0
DA:25,0
LF:9
LH:1
BRDA:13,0,0,0
BRDA:13,0,1,0
BRF:2
BRH:0
end_of_record
TN:
SF:src/tests/fileMock.js
FNF:0
FNH:0
DA:1,6
LF:1
LH:1
BRF:0
BRH:0
end_of_record
